This is pdfTeX, Version 3.1415926-2.5-1.40.14 (TeX Live 2013/Debian) (format=pdflatex 2014.8.21)  10 NOV 2014 19:42
entering extended mode
 restricted \write18 enabled.
 %&-line parsing enabled.
**tese_capa.tex
(./tese_capa.tex
LaTeX2e <2011/06/27>
Babel <3.9h> and hyphenation patterns for 5 languages loaded.
! Undefined control sequence.
l.4 \pdfbookmark
                [0]{Title}{Title}
The control sequence at the end of the top line
of your error message was never \def'ed. If you have
misspelled it (e.g., `\hobx'), type `I' and the correct
spelling (e.g., `I\hbox'). Otherwise just continue,
and I'll forget about whatever was undefined.


! LaTeX Error: Missing \begin{document}.

See the LaTeX manual or LaTeX Companion for explanation.
Type  H <return>  for immediate help.
 ...                                              
                                                  
l.4 \pdfbookmark[
                 0]{Title}{Title}
You're in trouble here.  Try typing  <return>  to proceed.
If that doesn't work, type  X <return>  to quit.

Missing character: There is no [ in font nullfont!
Missing character: There is no 0 in font nullfont!
Missing character: There is no ] in font nullfont!
Missing character: There is no T in font nullfont!
Missing character: There is no i in font nullfont!
Missing character: There is no t in font nullfont!
Missing character: There is no l in font nullfont!
Missing character: There is no e in font nullfont!
Missing character: There is no T in font nullfont!
Missing character: There is no i in font nullfont!
Missing character: There is no t in font nullfont!
Missing character: There is no l in font nullfont!
Missing character: There is no e in font nullfont!

Overfull \hbox (20.0pt too wide) in paragraph at lines 4--5
[] 
 []


! LaTeX Error: Missing \begin{document}.

See the LaTeX manual or LaTeX Companion for explanation.
Type  H <return>  for immediate help.
 ...                                              
                                                  
l.7 \begin{flushleft}
                      ~\\ \vspace{-10mm} \hspace{-9mm}  \includegraphics[wid...

You're in trouble here.  Try typing  <return>  to proceed.
If that doesn't work, type  X <return>  to quit.


Overfull \hbox (20.0pt too wide) in paragraph at lines 7--7
[] 
 []

! Undefined control sequence.
l.7 ...pace{-10mm} \hspace{-9mm}  \includegraphics
                                                  [width=40mm, height=10mm]{...
The control sequence at the end of the top line
of your error message was never \def'ed. If you have
misspelled it (e.g., `\hobx'), type `I' and the correct
spelling (e.g., `I\hbox'). Otherwise just continue,
and I'll forget about whatever was undefined.

Missing character: There is no [ in font nullfont!
Missing character: There is no w in font nullfont!
Missing character: There is no i in font nullfont!
Missing character: There is no d in font nullfont!
Missing character: There is no t in font nullfont!
Missing character: There is no h in font nullfont!
Missing character: There is no = in font nullfont!
Missing character: There is no 4 in font nullfont!
Missing character: There is no 0 in font nullfont!
Missing character: There is no m in font nullfont!
Missing character: There is no m in font nullfont!
Missing character: There is no , in font nullfont!
Missing character: There is no h in font nullfont!
Missing character: There is no e in font nullfont!
Missing character: There is no i in font nullfont!
Missing character: There is no g in font nullfont!
Missing character: There is no h in font nullfont!
Missing character: There is no t in font nullfont!
Missing character: There is no = in font nullfont!
Missing character: There is no 1 in font nullfont!
Missing character: There is no 0 in font nullfont!
Missing character: There is no m in font nullfont!
Missing character: There is no m in font nullfont!
Missing character: There is no ] in font nullfont!
Missing character: There is no m in font nullfont!
Missing character: There is no c in font nullfont!
Missing character: There is no t in font nullfont!
Missing character: There is no i in font nullfont!
! Undefined control sequence.
l.9 ...pace{-10mm} \hspace{-9mm}  \includegraphics
                                                  [width=40mm, height=10mm]{...
The control sequence at the end of the top line
of your error message was never \def'ed. If you have
misspelled it (e.g., `\hobx'), type `I' and the correct
spelling (e.g., `I\hbox'). Otherwise just continue,
and I'll forget about whatever was undefined.

Missing character: There is no [ in font nullfont!
Missing character: There is no w in font nullfont!
Missing character: There is no i in font nullfont!
Missing character: There is no d in font nullfont!
Missing character: There is no t in font nullfont!
Missing character: There is no h in font nullfont!
Missing character: There is no = in font nullfont!
Missing character: There is no 4 in font nullfont!
Missing character: There is no 0 in font nullfont!
Missing character: There is no m in font nullfont!
Missing character: There is no m in font nullfont!
Missing character: There is no , in font nullfont!
Missing character: There is no h in font nullfont!
Missing character: There is no e in font nullfont!
Missing character: There is no i in font nullfont!
Missing character: There is no g in font nullfont!
Missing character: There is no h in font nullfont!
Missing character: There is no t in font nullfont!
Missing character: There is no = in font nullfont!
Missing character: There is no 1 in font nullfont!
Missing character: There is no 0 in font nullfont!
Missing character: There is no m in font nullfont!
Missing character: There is no m in font nullfont!
Missing character: There is no ] in font nullfont!
Missing character: There is no d in font nullfont!
Missing character: There is no p in font nullfont!
Missing character: There is no p in font nullfont!
Missing character: There is no g in font nullfont!
! Undefined control sequence.
l.14 ~\\ \begin{center} \includegraphics
                                        [height=50mm]{logo_on}  \end{center}...
The control sequence at the end of the top line
of your error message was never \def'ed. If you have
misspelled it (e.g., `\hobx'), type `I' and the correct
spelling (e.g., `I\hbox'). Otherwise just continue,
and I'll forget about whatever was undefined.

Missing character: There is no [ in font nullfont!
Missing character: There is no h in font nullfont!
Missing character: There is no e in font nullfont!
Missing character: There is no i in font nullfont!
Missing character: There is no g in font nullfont!
Missing character: There is no h in font nullfont!
Missing character: There is no t in font nullfont!
Missing character: There is no = in font nullfont!
Missing character: There is no 5 in font nullfont!
Missing character: There is no 0 in font nullfont!
Missing character: There is no m in font nullfont!
Missing character: There is no m in font nullfont!
Missing character: There is no ] in font nullfont!
Missing character: There is no l in font nullfont!
Missing character: There is no o in font nullfont!
Missing character: There is no g in font nullfont!
Missing character: There is no o in font nullfont!
! Missing $ inserted.
<inserted text> 
                $
l.14 ...enter} \includegraphics[height=50mm]{logo_
                                                  on}  \end{center} % gr√°ficos
I've inserted a begin-math/end-math symbol since I think
you left one out. Proceed, with fingers crossed.

LaTeX Font Info:    External font `cmex10' loaded for size
(Font)              <7> on input line 14.
LaTeX Font Info:    External font `cmex10' loaded for size
(Font)              <5> on input line 14.
! Extra }, or forgotten $.
l.14 ...er} \includegraphics[height=50mm]{logo_on}
                                                    \end{center} % gr√°ficos
I've deleted a group-closing symbol because it seems to be
spurious, as in `$x}$'. But perhaps the } is legitimate and
you forgot something else, as in `\hbox{$x}'. In such cases
the way to recover is to insert both the forgotten and the
deleted material, e.g., by typing `I$}'.


! LaTeX Error: Command \end{center} invalid in math mode.

See the LaTeX manual or LaTeX Companion for explanation.
Type  H <return>  for immediate help.
 ...                                              
                                                  
l.14 ...aphics[height=50mm]{logo_on}  \end{center}
                                                   % gr√°ficos
Try typing  <return>  to proceed.
If that doesn't work, type  X <return>  to quit.


! LaTeX Error: Something's wrong--perhaps a missing \item.

See the LaTeX manual or LaTeX Companion for explanation.
Type  H <return>  for immediate help.
 ...                                              
                                                  
l.14 ...aphics[height=50mm]{logo_on}  \end{center}
                                                   % gr√°ficos
Try typing  <return>  to proceed.
If that doesn't work, type  X <return>  to quit.


! LaTeX Error: Something's wrong--perhaps a missing \item.

See the LaTeX manual or LaTeX Companion for explanation.
Type  H <return>  for immediate help.
 ...                                              
                                                  
l.14 ...aphics[height=50mm]{logo_on}  \end{center}
                                                   % gr√°ficos
Try typing  <return>  to proceed.
If that doesn't work, type  X <return>  to quit.

! Missing $ inserted.
<inserted text> 
                $
l.14 ...aphics[height=50mm]{logo_on}  \end{center}
                                                   % gr√°ficos
I've inserted something that you may have forgotten.
(See the <inserted text> above.)
With luck, this will get me unwedged. But if you
really didn't forget anything, try typing `2' now; then
my insertion and my current dilemma will both disappear.

! Missing } inserted.
<inserted text> 
                }
l.14 ...aphics[height=50mm]{logo_on}  \end{center}
                                                   % gr√°ficos
I've inserted something that you may have forgotten.
(See the <inserted text> above.)
With luck, this will get me unwedged. But if you
really didn't forget anything, try typing `2' now; then
my insertion and my current dilemma will both disappear.


Overfull \hbox (10.44957pt too wide) in paragraph at lines 14--15
[]\OML/cmm/m/it/10 n$ 
 []

! Undefined control sequence.
l.17 \LARGE
            \textbf{An√°lise da Estrutura da Crosta na Regi√£o da Faixa Ribe...
The control sequence at the end of the top line
of your error message was never \def'ed. If you have
misspelled it (e.g., `\hobx'), type `I' and the correct
spelling (e.g., `I\hbox'). Otherwise just continue,
and I'll forget about whatever was undefined.

Missing character: There is no √ in font cmbx10!
Missing character: There is no ° in font cmbx10!
Missing character: There is no √ in font cmbx10!
Missing character: There is no £ in font cmbx10!
Missing character: There is no √ in font cmbx10!
Missing character: There is no ≠ in font cmbx10!
Missing character: There is no √ in font cmbx10!
Missing character: There is no ° in font cmbx10!
Missing character: There is no √ in font cmbx10!
Missing character: There is no £ in font cmbx10!
Missing character: There is no √ in font cmbx10!
Missing character: There is no ° in font cmbx10!
Missing character: There is no √ in font cmbx10!
Missing character: There is no © in font cmbx10!
Missing character: There is no √ in font cmbx10!
Missing character: There is no ≥ in font cmbx10!

Overfull \hbox (31.27899pt too wide) in paragraph at lines 18--19
 []\OT1/cmr/bx/n/10 Anlise 
 []


Overfull \hbox (11.97908pt too wide) in paragraph at lines 18--19
 \OT1/cmr/bx/n/10 da 
 []


Overfull \hbox (15.9249pt too wide) in paragraph at lines 18--19
 \OT1/cmr/bx/n/10 Es- 
 []


Overfull \hbox (19.43047pt too wide) in paragraph at lines 18--19
 \OT1/cmr/bx/n/10 tru- 
 []


Overfull \hbox (21.18738pt too wide) in paragraph at lines 18--19
 \OT1/cmr/bx/n/10 tura 
 []


Overfull \hbox (11.97908pt too wide) in paragraph at lines 18--19
 \OT1/cmr/bx/n/10 da 
 []


Overfull \hbox (33.39008pt too wide) in paragraph at lines 18--19
 \OT1/cmr/bx/n/10 Crosta 
 []


Overfull \hbox (11.97908pt too wide) in paragraph at lines 18--19
 \OT1/cmr/bx/n/10 na 
 []


Overfull \hbox (17.72908pt too wide) in paragraph at lines 18--19
 \OT1/cmr/bx/n/10 Re- 
 []


Overfull \hbox (14.69437pt too wide) in paragraph at lines 18--19
 \OT1/cmr/bx/n/10 gio 
 []


Overfull \hbox (11.97908pt too wide) in paragraph at lines 18--19
 \OT1/cmr/bx/n/10 da 
 []


Overfull \hbox (26.72203pt too wide) in paragraph at lines 18--19
 \OT1/cmr/bx/n/10 Faixa 
 []


Overfull \hbox (37.31924pt too wide) in paragraph at lines 18--19
 \OT1/cmr/bx/n/10 Ribeira 
 []


Overfull \hbox (19.96518pt too wide) in paragraph at lines 18--19
 \OT1/cmr/bx/n/10 (en- 
 []


Overfull \hbox (14.47911pt too wide) in paragraph at lines 18--19
 \OT1/cmr/bx/n/10 tre 
 []


Overfull \hbox (10.1263pt too wide) in paragraph at lines 18--19
 \OT1/cmr/bx/n/10 as 
 []


Overfull \hbox (34.31927pt too wide) in paragraph at lines 18--19
 \OT1/cmr/bx/n/10 Provn- 
 []


Overfull \hbox (18.43181pt too wide) in paragraph at lines 18--19
 \OT1/cmr/bx/n/10 cias 
 []


Overfull \hbox (12.13882pt too wide) in paragraph at lines 18--19
 \OT1/cmr/bx/n/10 do 
 []


Overfull \hbox (16.87492pt too wide) in paragraph at lines 18--19
 \OT1/cmr/bx/n/10 Cr- 
 []


Overfull \hbox (16.61102pt too wide) in paragraph at lines 18--19
 \OT1/cmr/bx/n/10 ton 
 []


Overfull \hbox (12.13882pt too wide) in paragraph at lines 18--19
 \OT1/cmr/bx/n/10 So 
 []


Overfull \hbox (26.82623pt too wide) in paragraph at lines 18--19
 \OT1/cmr/bx/n/10 Fran- 
 []


Overfull \hbox (23.70264pt too wide) in paragraph at lines 18--19
 \OT1/cmr/bx/n/10 cisco 
 []


Overfull \hbox (5.27081pt too wide) in paragraph at lines 18--19
 \OT1/cmr/bx/n/10 e 
 []


Overfull \hbox (11.97908pt too wide) in paragraph at lines 18--19
 \OT1/cmr/bx/n/10 da 
 []


Overfull \hbox (17.60405pt too wide) in paragraph at lines 18--19
 \OT1/cmr/bx/n/10 Ba- 
 []


Overfull \hbox (13.89574pt too wide) in paragraph at lines 18--19
 \OT1/cmr/bx/n/10 cia 
 []


Overfull \hbox (12.13882pt too wide) in paragraph at lines 18--19
 \OT1/cmr/bx/n/10 do 
 []


Overfull \hbox (34.31923pt too wide) in paragraph at lines 18--19
 \OT1/cmr/bx/n/10 Paran) 
 []


Overfull \hbox (14.75824pt too wide) in paragraph at lines 18--19
 \OT1/cmr/bx/n/10 us- 
 []


Overfull \hbox (24.1179pt too wide) in paragraph at lines 18--19
 \OT1/cmr/bx/n/10 ando 
 []


Overfull \hbox (24.97209pt too wide) in paragraph at lines 18--19
 \OT1/cmr/bx/n/10 Mto- 
 []


Overfull \hbox (16.6749pt too wide) in paragraph at lines 18--19
 \OT1/cmr/bx/n/10 dos 
 []


Overfull \hbox (17.95267pt too wide) in paragraph at lines 18--19
 \OT1/cmr/bx/n/10 Sis- 
 []


Overfull \hbox (22.361pt too wide) in paragraph at lines 18--19
 \OT1/cmr/bx/n/10 mol- 
 []


Overfull \hbox (12.77771pt too wide) in paragraph at lines 18--19
 \OT1/cmr/bx/n/10 gi- 
 []


Overfull \hbox (15.39713pt too wide) in paragraph at lines 18--19
 \OT1/cmr/bx/n/10 cos 
 []

! Undefined control sequence.
l.20 \Large
            \textbf{Diogo Luiz de Oliveira Coelho} \\
The control sequence at the end of the top line
of your error message was never \def'ed. If you have
misspelled it (e.g., `\hobx'), type `I' and the correct
spelling (e.g., `I\hbox'). Otherwise just continue,
and I'll forget about whatever was undefined.


Overfull \hbox (29.26373pt too wide) in paragraph at lines 20--20
 []\OT1/cmr/bx/n/10 Diogo 
 []


Overfull \hbox (21.611pt too wide) in paragraph at lines 20--20
 \OT1/cmr/bx/n/10 Luiz 
 []


Overfull \hbox (11.65967pt too wide) in paragraph at lines 20--20
 \OT1/cmr/bx/n/10 de 
 []


Overfull \hbox (39.56923pt too wide) in paragraph at lines 20--20
 \OT1/cmr/bx/n/10 Oliveira 
 []


Overfull \hbox (34.97899pt too wide) in paragraph at lines 20--20
 \OT1/cmr/bx/n/10 Coelho 
 []

! Undefined control sequence.
l.22 \Large
            Disserta√ß√£o para obter o grau de Mestre em
The control sequence at the end of the top line
of your error message was never \def'ed. If you have
misspelled it (e.g., `\hobx'), type `I' and the correct
spelling (e.g., `I\hbox'). Otherwise just continue,
and I'll forget about whatever was undefined.

Missing character: There is no D in font nullfont!
Missing character: There is no i in font nullfont!
Missing character: There is no s in font nullfont!
Missing character: There is no s in font nullfont!
Missing character: There is no e in font nullfont!
Missing character: There is no r in font nullfont!
Missing character: There is no t in font nullfont!
Missing character: There is no a in font nullfont!
Missing character: There is no √ in font nullfont!
Missing character: There is no ß in font nullfont!
Missing character: There is no √ in font nullfont!
Missing character: There is no £ in font nullfont!
Missing character: There is no o in font nullfont!
Missing character: There is no p in font nullfont!
Missing character: There is no a in font nullfont!
Missing character: There is no r in font nullfont!
Missing character: There is no a in font nullfont!
Missing character: There is no o in font nullfont!
Missing character: There is no b in font nullfont!
Missing character: There is no t in font nullfont!
Missing character: There is no e in font nullfont!
Missing character: There is no r in font nullfont!
Missing character: There is no o in font nullfont!
Missing character: There is no g in font nullfont!
Missing character: There is no r in font nullfont!
Missing character: There is no a in font nullfont!
Missing character: There is no u in font nullfont!
Missing character: There is no d in font nullfont!
Missing character: There is no e in font nullfont!
Missing character: There is no M in font nullfont!
Missing character: There is no e in font nullfont!
Missing character: There is no s in font nullfont!
Missing character: There is no t in font nullfont!
Missing character: There is no r in font nullfont!
Missing character: There is no e in font nullfont!
Missing character: There is no e in font nullfont!
Missing character: There is no m in font nullfont!
! Undefined control sequence.
l.24 \LARGE
            \textbf{Geof√≠sica}
The control sequence at the end of the top line
of your error message was never \def'ed. If you have
misspelled it (e.g., `\hobx'), type `I' and the correct
spelling (e.g., `I\hbox'). Otherwise just continue,
and I'll forget about whatever was undefined.

Missing character: There is no √ in font cmbx10!
Missing character: There is no ≠ in font cmbx10!

Overfull \hbox (42.00807pt too wide) in paragraph at lines 24--25
 []\OT1/cmr/bx/n/10 Geofsica 
 []

! Undefined control sequence.
l.27 \Large
            Orientador\\
The control sequence at the end of the top line
of your error message was never \def'ed. If you have
misspelled it (e.g., `\hobx'), type `I' and the correct
spelling (e.g., `I\hbox'). Otherwise just continue,
and I'll forget about whatever was undefined.

Missing character: There is no O in font nullfont!
Missing character: There is no r in font nullfont!
Missing character: There is no i in font nullfont!
Missing character: There is no e in font nullfont!
Missing character: There is no n in font nullfont!
Missing character: There is no t in font nullfont!
Missing character: There is no a in font nullfont!
Missing character: There is no d in font nullfont!
Missing character: There is no o in font nullfont!
Missing character: There is no r in font nullfont!
Missing character: There is no √ in font cmbx10!
Missing character: There is no © in font cmbx10!

Overfull \hbox (40.88866pt too wide) in paragraph at lines 28--28
 []\OT1/cmr/bx/n/10 Stphane 
 []


Overfull \hbox (22.88184pt too wide) in paragraph at lines 28--28
 \OT1/cmr/bx/n/10 Ger- 
 []


Overfull \hbox (16.71518pt too wide) in paragraph at lines 28--28
 \OT1/cmr/bx/n/10 ard 
 []


Overfull \hbox (25.07625pt too wide) in paragraph at lines 28--28
 \OT1/cmr/bx/n/10 Mar- 
 []


Overfull \hbox (16.45128pt too wide) in paragraph at lines 28--28
 \OT1/cmr/bx/n/10 tial 
 []


Overfull \hbox (35.43733pt too wide) in paragraph at lines 28--28
 \OT1/cmr/bx/n/10 Drouet 
 []

Missing character: There is no R in font nullfont!
Missing character: There is no i in font nullfont!
Missing character: There is no o in font nullfont!
Missing character: There is no d in font nullfont!
Missing character: There is no e in font nullfont!
Missing character: There is no J in font nullfont!
Missing character: There is no a in font nullfont!
Missing character: There is no n in font nullfont!
Missing character: There is no e in font nullfont!
Missing character: There is no i in font nullfont!
Missing character: There is no r in font nullfont!
Missing character: There is no o in font nullfont!
Missing character: There is no F in font nullfont!
Missing character: There is no e in font nullfont!
Missing character: There is no v in font nullfont!
Missing character: There is no e in font nullfont!
Missing character: There is no r in font nullfont!
Missing character: There is no e in font nullfont!
Missing character: There is no i in font nullfont!
Missing character: There is no r in font nullfont!
Missing character: There is no o in font nullfont!
Missing character: There is no 2 in font nullfont!
Missing character: There is no 0 in font nullfont!
Missing character: There is no 1 in font nullfont!
Missing character: There is no 4 in font nullfont!

Underfull \vbox (badness 10000) has occurred while \output is active []



! LaTeX Error: The font size command \normalsize is not defined:
               there is probably something wrong with the class file.

See the LaTeX manual or LaTeX Companion for explanation.
Type  H <return>  for immediate help.
 ...                                              
                                                  
l.39 
     
Your command was ignored.
Type  I <command> <return>  to replace it with another command,
or  <return>  to continue without it.

[1{/var/lib/texmf/fonts/map/pdftex/updmap/pdftex.map}])
! Emergency stop.
<*> tese_capa.tex
                 
*** (job aborted, no legal \end found)

 
Here is how much of TeX's memory you used:
 13 strings out of 494963
 229 string characters out of 6179647
 49184 words of memory out of 5000000
 3337 multiletter control sequences out of 15000+600000
 3948 words of font info for 15 fonts, out of 8000000 for 9000
 38 hyphenation exceptions out of 8191
 18i,4n,12p,168b,135s stack positions out of 5000i,500n,10000p,200000b,80000s
!  ==> Fatal error occurred, no output PDF file produced!
