\BOOKMARK [0][-]{Title.0}{Title}{}% 1
\BOOKMARK [0][-]{chapter*.3}{Resumo}{}% 2
\BOOKMARK [0][-]{chapter*.4}{Abstract}{}% 3
\BOOKMARK [0][-]{chapter*.5}{Lista de Figuras}{}% 4
\BOOKMARK [0][-]{chapter*.6}{Lista de Tabelas}{}% 5
\BOOKMARK [0][-]{chapter.1}{Introdu\347\343o}{}% 6
\BOOKMARK [0][-]{chapter.2}{Contexto Geol\363gico}{}% 7
\BOOKMARK [0][-]{chapter.3}{Aquisi\347\343o e Tratamento dos Dados}{}% 8
\BOOKMARK [1][-]{section.3.1}{Aquisi\347\343o de Dados}{chapter.3}% 9
\BOOKMARK [1][-]{section.3.2}{Tratamento dos Dados}{chapter.3}% 10
\BOOKMARK [2][-]{subsection.3.2.1}{Fun\347\343o do Receptor}{section.3.2}% 11
\BOOKMARK [2][-]{subsection.3.2.2}{Dispers\343o de Ondas de Superf\355cie}{section.3.2}% 12
\BOOKMARK [0][-]{chapter.4}{Fun\347\343o do Receptor}{}% 13
\BOOKMARK [1][-]{section.4.1}{Fundamentos do M\351todo}{chapter.4}% 14
\BOOKMARK [1][-]{section.4.2}{Processamento}{chapter.4}% 15
\BOOKMARK [1][-]{section.4.3}{P\363s-processamento}{chapter.4}% 16
\BOOKMARK [0][-]{chapter.5}{Dispers\343o de Ondas de Superf\355cie}{}% 17
\BOOKMARK [1][-]{section.5.1}{Fundamentos do M\351todo}{chapter.5}% 18
\BOOKMARK [1][-]{section.5.2}{Processamento}{chapter.5}% 19
\BOOKMARK [2][-]{subsection.5.2.1}{Prepara\347\343o dos dados para cada esta\347\365es}{section.5.2}% 20
\BOOKMARK [2][-]{subsection.5.2.2}{Normaliza\347\343o espectral ou braqueamento}{section.5.2}% 21
\BOOKMARK [0][-]{chapter.6}{Resultados e Discuss\365es}{}% 22
\BOOKMARK [0][-]{chapter.7}{Conclus\365es}{}% 23
\BOOKMARK [0][-]{chapter*.8}{Refer\352ncias Bibliogr\341ficas}{}% 24
