\BOOKMARK [0][-]{chapter*.3}{Resumo}{}% 1
\BOOKMARK [0][-]{chapter*.4}{Abstract}{}% 2
\BOOKMARK [0][-]{chapter*.6}{Lista de Figuras}{}% 3
\BOOKMARK [0][-]{chapter*.7}{Lista de Tabelas}{}% 4
\BOOKMARK [0][-]{chapter.1}{Introdu\347\343o}{}% 5
\BOOKMARK [0][-]{chapter.2}{Contexto Geol\363gico}{}% 6
\BOOKMARK [0][-]{chapter.3}{Aquisi\347\343o e Tratamento dos Dados}{}% 7
\BOOKMARK [1][-]{section.3.1}{Aquisi\347\343o de Dados}{chapter.3}% 8
\BOOKMARK [1][-]{section.3.2}{Tratamento dos Dados}{chapter.3}% 9
\BOOKMARK [2][-]{subsection.3.2.1}{Processamento da Fun\347\343o do Receptor}{section.3.2}% 10
\BOOKMARK [2][-]{subsection.3.2.2}{Dispers\343o de Ondas de Rayleigh}{section.3.2}% 11
\BOOKMARK [0][-]{chapter.4}{Fun\347\343o do Receptor}{}% 12
\BOOKMARK [1][-]{section.4.1}{Introdu\347\343o}{chapter.4}% 13
\BOOKMARK [1][-]{section.4.2}{Processamento}{chapter.4}% 14
\BOOKMARK [1][-]{section.4.3}{P\363s-processamento}{chapter.4}% 15
\BOOKMARK [1][-]{section.4.4}{Modelagem das Fun\347\365es do Receptor}{chapter.4}% 16
\BOOKMARK [2][-]{subsection.4.4.1}{Modelos de velocidade para camadas horizontais}{section.4.4}% 17
\BOOKMARK [2][-]{subsection.4.4.2}{Modelos de velocidade perfilados para camadas inclinadas}{section.4.4}% 18
\BOOKMARK [1][-]{section.4.5}{Resultados}{chapter.4}% 19
\BOOKMARK [0][-]{chapter.5}{Correla\347\343o Cruzada de Ru\355do Ambiental S\355smico}{}% 20
\BOOKMARK [1][-]{section.5.1}{Introdu\347\343o}{chapter.5}% 21
\BOOKMARK [1][-]{section.5.2}{Processamento}{chapter.5}% 22
\BOOKMARK [2][-]{subsection.5.2.1}{Prepara\347\343o dos dados para cada esta\347\365es}{section.5.2}% 23
\BOOKMARK [2][-]{subsection.5.2.2}{Normaliza\347\343o espectral ou braqueamento}{section.5.2}% 24
\BOOKMARK [2][-]{subsection.5.2.3}{Correla\347\343o Cruzada, Empilhamento e Sinal emergente}{section.5.2}% 25
\BOOKMARK [2][-]{subsection.5.2.4}{Medidas da Dispers\343o}{section.5.2}% 26
\BOOKMARK [2][-]{subsection.5.2.5}{Controle de Qualidade das Medidas}{section.5.2}% 27
\BOOKMARK [2][-]{subsection.5.2.6}{Invers\343o Tomogr\341fica}{section.5.2}% 28
\BOOKMARK [2][-]{subsection.5.2.7}{An\341lise da Resolu\347\343o dos Mapas Tomogr\341ficos}{section.5.2}% 29
\BOOKMARK [1][-]{section.5.3}{Resultados}{chapter.5}% 30
\BOOKMARK [0][-]{chapter.6}{Conclus\365es e Cen\341rios Futuros}{}% 31
\BOOKMARK [0][-]{chapter*.8}{Refer\352ncias Bibliogr\341ficas}{}% 32
\BOOKMARK [0][-]{appendix*.9}{Anexo 1}{}% 33
\BOOKMARK [0][-]{appendix*.10}{Anexo 2}{}% 34
