This is pdfTeX, Version 3.14159265-2.6-1.40.15 (TeX Live 2014/W32TeX) (preloaded format=pdflatex 2015.1.20)  16 MAR 2015 08:01
entering extended mode
 restricted \write18 enabled.
 %&-line parsing enabled.
**thesis.tex
(./thesis.tex
LaTeX2e <2014/05/01>
Babel <3.9l> and hyphenation patterns for 79 languages loaded.
(./on.cls
Document Class: on 2011/02/08\ v2.2\ ON Dissertations and Thesis
(c:/texlive/2014/texmf-dist/tex/latex/base/book.cls
Document Class: book 2014/09/29 v1.4h Standard LaTeX document class
(c:/texlive/2014/texmf-dist/tex/latex/base/bk12.clo
File: bk12.clo 2014/09/29 v1.4h Standard LaTeX file (size option)
)
\c@part=\count79
\c@chapter=\count80
\c@section=\count81
\c@subsection=\count82
\c@subsubsection=\count83
\c@paragraph=\count84
\c@subparagraph=\count85
\c@figure=\count86
\c@table=\count87
\abovecaptionskip=\skip41
\belowcaptionskip=\skip42
\bibindent=\dimen102
)
(c:/texlive/2014/texmf-dist/tex/latex/natbib/natbib.sty
Package: natbib 2010/09/13 8.31b (PWD, AO)
\bibhang=\skip43
\bibsep=\skip44
LaTeX Info: Redefining \cite on input line 694.
\c@NAT@ctr=\count88
)
(c:/texlive/2014/texmf-dist/tex/latex/hyphenat/hyphenat.sty
Package: hyphenat 2009/09/02 v2.3c hyphenation utilities
\langwohyphens=\language80
LaTeX Info: Redefining \_ on input line 43.
)
(c:/texlive/2014/texmf-dist/tex/latex/lastpage/lastpage.sty
Package: lastpage 2013/01/28 v1.2l Refers to last page's name (HMM; JPG)
)
(c:/texlive/2014/texmf-dist/tex/generic/babel/babel.sty
Package: babel 2014/09/25 3.9l The Babel package

(c:/texlive/2014/texmf-dist/tex/generic/babel-english/english.ldf
Language: english 2012/08/20 v3.3p English support from the babel system

(c:/texlive/2014/texmf-dist/tex/generic/babel/babel.def
File: babel.def 2014/09/25 3.9l Babel common definitions
\babel@savecnt=\count89
\U@D=\dimen103
)
\l@canadian = a dialect from \language\l@american 
\l@australian = a dialect from \language\l@british 
\l@newzealand = a dialect from \language\l@british 
)
(c:/texlive/2014/texmf-dist/tex/generic/babel-portuges/portuges.ldf
Language: portuges 2008/03/18 v1.2q Portuguese support from the babel system
\l@brazil = a dialect from \language\l@portuges 
Package babel Info: Making " an active character on input line 145.
))
(c:/texlive/2014/texmf-dist/tex/latex/base/ifthen.sty
Package: ifthen 2014/09/29 v1.1c Standard LaTeX ifthen package (DPC)
)
(c:/texlive/2014/texmf-dist/tex/latex/graphics/graphicx.sty
Package: graphicx 2014/10/28 v1.0g Enhanced LaTeX Graphics (DPC,SPQR)

(c:/texlive/2014/texmf-dist/tex/latex/graphics/keyval.sty
Package: keyval 2014/10/28 v1.15 key=value parser (DPC)
\KV@toks@=\toks14
)
(c:/texlive/2014/texmf-dist/tex/latex/graphics/graphics.sty
Package: graphics 2014/10/28 v1.0p Standard LaTeX Graphics (DPC,SPQR)

(c:/texlive/2014/texmf-dist/tex/latex/graphics/trig.sty
Package: trig 1999/03/16 v1.09 sin cos tan (DPC)
)
(c:/texlive/2014/texmf-dist/tex/latex/latexconfig/graphics.cfg
File: graphics.cfg 2010/04/23 v1.9 graphics configuration of TeX Live
)
Package graphics Info: Driver file: pdftex.def on input line 91.

(c:/texlive/2014/texmf-dist/tex/latex/pdftex-def/pdftex.def
File: pdftex.def 2011/05/27 v0.06d Graphics/color for pdfTeX

(c:/texlive/2014/texmf-dist/tex/generic/oberdiek/infwarerr.sty
Package: infwarerr 2010/04/08 v1.3 Providing info/warning/error messages (HO)
)
(c:/texlive/2014/texmf-dist/tex/generic/oberdiek/ltxcmds.sty
Package: ltxcmds 2011/11/09 v1.22 LaTeX kernel commands for general use (HO)
)
\Gread@gobject=\count90
))
\Gin@req@height=\dimen104
\Gin@req@width=\dimen105
)
(c:/texlive/2014/texmf-dist/tex/latex/setspace/setspace.sty
Package: setspace 2011/12/19 v6.7a set line spacing
)
(c:/texlive/2014/texmf-dist/tex/latex/tools/tabularx.sty
Package: tabularx 2014/10/28 v2.10 `tabularx' package (DPC)

(c:/texlive/2014/texmf-dist/tex/latex/tools/array.sty
Package: array 2014/10/28 v2.4c Tabular extension package (FMi)
\col@sep=\dimen106
\extrarowheight=\dimen107
\NC@list=\toks15
\extratabsurround=\skip45
\backup@length=\skip46
)
\TX@col@width=\dimen108
\TX@old@table=\dimen109
\TX@old@col=\dimen110
\TX@target=\dimen111
\TX@delta=\dimen112
\TX@cols=\count91
\TX@ftn=\toks16
)
(c:/texlive/2014/texmf-dist/tex/latex/eqparbox/eqparbox.sty
Package: eqparbox 2013/03/15 v4.0 Create equal-widthed boxes
\eqp@tempdima=\skip47
\eqp@tempdimb=\skip48
\eqp@tabular@box=\box26
\eqp@list@box=\box27
\eqp@list@indent=\skip49

(c:/texlive/2014/texmf-dist/tex/latex/environ/environ.sty
Package: environ 2014/05/04 v0.3 A new way to define environments

(c:/texlive/2014/texmf-dist/tex/latex/trimspaces/trimspaces.sty
Package: trimspaces 2009/09/17 v1.1 Trim spaces around a token list
)
\@envbody=\toks17
))
(c:/texlive/2014/texmf-dist/tex/latex/geometry/geometry.sty
Package: geometry 2010/09/12 v5.6 Page Geometry

(c:/texlive/2014/texmf-dist/tex/generic/oberdiek/ifpdf.sty
Package: ifpdf 2011/01/30 v2.3 Provides the ifpdf switch (HO)
Package ifpdf Info: pdfTeX in PDF mode is detected.
)
(c:/texlive/2014/texmf-dist/tex/generic/oberdiek/ifvtex.sty
Package: ifvtex 2010/03/01 v1.5 Detect VTeX and its facilities (HO)
Package ifvtex Info: VTeX not detected.
)
(c:/texlive/2014/texmf-dist/tex/generic/ifxetex/ifxetex.sty
Package: ifxetex 2010/09/12 v0.6 Provides ifxetex conditional
)
\Gm@cnth=\count92
\Gm@cntv=\count93
\c@Gm@tempcnt=\count94
\Gm@bindingoffset=\dimen113
\Gm@wd@mp=\dimen114
\Gm@odd@mp=\dimen115
\Gm@even@mp=\dimen116
\Gm@layoutwidth=\dimen117
\Gm@layoutheight=\dimen118
\Gm@layouthoffset=\dimen119
\Gm@layoutvoffset=\dimen120
\Gm@dimlist=\toks18
)
\@coadvisor=\count95
\@examiner=\count96
\c@keywords=\count97
\bibindent=\dimen121
)
(c:/texlive/2014/texmf-dist/tex/latex/base/inputenc.sty
Package: inputenc 2014/04/30 v1.2b Input encoding file
\inpenc@prehook=\toks19
\inpenc@posthook=\toks20

(c:/texlive/2014/texmf-dist/tex/latex/base/utf8.def
File: utf8.def 2014/09/29 v1.1m UTF-8 support for inputenc
Now handling font encoding OML ...
... no UTF-8 mapping file for font encoding OML
Now handling font encoding T1 ...
... processing UTF-8 mapping file for font encoding T1

(c:/texlive/2014/texmf-dist/tex/latex/base/t1enc.dfu
File: t1enc.dfu 2014/09/29 v1.1m UTF-8 support for inputenc
   defining Unicode char U+00A1 (decimal 161)
   defining Unicode char U+00A3 (decimal 163)
   defining Unicode char U+00AB (decimal 171)
   defining Unicode char U+00BB (decimal 187)
   defining Unicode char U+00BF (decimal 191)
   defining Unicode char U+00C0 (decimal 192)
   defining Unicode char U+00C1 (decimal 193)
   defining Unicode char U+00C2 (decimal 194)
   defining Unicode char U+00C3 (decimal 195)
   defining Unicode char U+00C4 (decimal 196)
   defining Unicode char U+00C5 (decimal 197)
   defining Unicode char U+00C6 (decimal 198)
   defining Unicode char U+00C7 (decimal 199)
   defining Unicode char U+00C8 (decimal 200)
   defining Unicode char U+00C9 (decimal 201)
   defining Unicode char U+00CA (decimal 202)
   defining Unicode char U+00CB (decimal 203)
   defining Unicode char U+00CC (decimal 204)
   defining Unicode char U+00CD (decimal 205)
   defining Unicode char U+00CE (decimal 206)
   defining Unicode char U+00CF (decimal 207)
   defining Unicode char U+00D0 (decimal 208)
   defining Unicode char U+00D1 (decimal 209)
   defining Unicode char U+00D2 (decimal 210)
   defining Unicode char U+00D3 (decimal 211)
   defining Unicode char U+00D4 (decimal 212)
   defining Unicode char U+00D5 (decimal 213)
   defining Unicode char U+00D6 (decimal 214)
   defining Unicode char U+00D8 (decimal 216)
   defining Unicode char U+00D9 (decimal 217)
   defining Unicode char U+00DA (decimal 218)
   defining Unicode char U+00DB (decimal 219)
   defining Unicode char U+00DC (decimal 220)
   defining Unicode char U+00DD (decimal 221)
   defining Unicode char U+00DE (decimal 222)
   defining Unicode char U+00DF (decimal 223)
   defining Unicode char U+00E0 (decimal 224)
   defining Unicode char U+00E1 (decimal 225)
   defining Unicode char U+00E2 (decimal 226)
   defining Unicode char U+00E3 (decimal 227)
   defining Unicode char U+00E4 (decimal 228)
   defining Unicode char U+00E5 (decimal 229)
   defining Unicode char U+00E6 (decimal 230)
   defining Unicode char U+00E7 (decimal 231)
   defining Unicode char U+00E8 (decimal 232)
   defining Unicode char U+00E9 (decimal 233)
   defining Unicode char U+00EA (decimal 234)
   defining Unicode char U+00EB (decimal 235)
   defining Unicode char U+00EC (decimal 236)
   defining Unicode char U+00ED (decimal 237)
   defining Unicode char U+00EE (decimal 238)
   defining Unicode char U+00EF (decimal 239)
   defining Unicode char U+00F0 (decimal 240)
   defining Unicode char U+00F1 (decimal 241)
   defining Unicode char U+00F2 (decimal 242)
   defining Unicode char U+00F3 (decimal 243)
   defining Unicode char U+00F4 (decimal 244)
   defining Unicode char U+00F5 (decimal 245)
   defining Unicode char U+00F6 (decimal 246)
   defining Unicode char U+00F8 (decimal 248)
   defining Unicode char U+00F9 (decimal 249)
   defining Unicode char U+00FA (decimal 250)
   defining Unicode char U+00FB (decimal 251)
   defining Unicode char U+00FC (decimal 252)
   defining Unicode char U+00FD (decimal 253)
   defining Unicode char U+00FE (decimal 254)
   defining Unicode char U+00FF (decimal 255)
   defining Unicode char U+0102 (decimal 258)
   defining Unicode char U+0103 (decimal 259)
   defining Unicode char U+0104 (decimal 260)
   defining Unicode char U+0105 (decimal 261)
   defining Unicode char U+0106 (decimal 262)
   defining Unicode char U+0107 (decimal 263)
   defining Unicode char U+010C (decimal 268)
   defining Unicode char U+010D (decimal 269)
   defining Unicode char U+010E (decimal 270)
   defining Unicode char U+010F (decimal 271)
   defining Unicode char U+0110 (decimal 272)
   defining Unicode char U+0111 (decimal 273)
   defining Unicode char U+0118 (decimal 280)
   defining Unicode char U+0119 (decimal 281)
   defining Unicode char U+011A (decimal 282)
   defining Unicode char U+011B (decimal 283)
   defining Unicode char U+011E (decimal 286)
   defining Unicode char U+011F (decimal 287)
   defining Unicode char U+0130 (decimal 304)
   defining Unicode char U+0131 (decimal 305)
   defining Unicode char U+0132 (decimal 306)
   defining Unicode char U+0133 (decimal 307)
   defining Unicode char U+0139 (decimal 313)
   defining Unicode char U+013A (decimal 314)
   defining Unicode char U+013D (decimal 317)
   defining Unicode char U+013E (decimal 318)
   defining Unicode char U+0141 (decimal 321)
   defining Unicode char U+0142 (decimal 322)
   defining Unicode char U+0143 (decimal 323)
   defining Unicode char U+0144 (decimal 324)
   defining Unicode char U+0147 (decimal 327)
   defining Unicode char U+0148 (decimal 328)
   defining Unicode char U+014A (decimal 330)
   defining Unicode char U+014B (decimal 331)
   defining Unicode char U+0150 (decimal 336)
   defining Unicode char U+0151 (decimal 337)
   defining Unicode char U+0152 (decimal 338)
   defining Unicode char U+0153 (decimal 339)
   defining Unicode char U+0154 (decimal 340)
   defining Unicode char U+0155 (decimal 341)
   defining Unicode char U+0158 (decimal 344)
   defining Unicode char U+0159 (decimal 345)
   defining Unicode char U+015A (decimal 346)
   defining Unicode char U+015B (decimal 347)
   defining Unicode char U+015E (decimal 350)
   defining Unicode char U+015F (decimal 351)
   defining Unicode char U+0160 (decimal 352)
   defining Unicode char U+0161 (decimal 353)
   defining Unicode char U+0162 (decimal 354)
   defining Unicode char U+0163 (decimal 355)
   defining Unicode char U+0164 (decimal 356)
   defining Unicode char U+0165 (decimal 357)
   defining Unicode char U+016E (decimal 366)
   defining Unicode char U+016F (decimal 367)
   defining Unicode char U+0170 (decimal 368)
   defining Unicode char U+0171 (decimal 369)
   defining Unicode char U+0178 (decimal 376)
   defining Unicode char U+0179 (decimal 377)
   defining Unicode char U+017A (decimal 378)
   defining Unicode char U+017B (decimal 379)
   defining Unicode char U+017C (decimal 380)
   defining Unicode char U+017D (decimal 381)
   defining Unicode char U+017E (decimal 382)
   defining Unicode char U+200C (decimal 8204)
   defining Unicode char U+2013 (decimal 8211)
   defining Unicode char U+2014 (decimal 8212)
   defining Unicode char U+2018 (decimal 8216)
   defining Unicode char U+2019 (decimal 8217)
   defining Unicode char U+201A (decimal 8218)
   defining Unicode char U+201C (decimal 8220)
   defining Unicode char U+201D (decimal 8221)
   defining Unicode char U+201E (decimal 8222)
   defining Unicode char U+2030 (decimal 8240)
   defining Unicode char U+2031 (decimal 8241)
   defining Unicode char U+2039 (decimal 8249)
   defining Unicode char U+203A (decimal 8250)
   defining Unicode char U+2423 (decimal 9251)
)
Now handling font encoding OT1 ...
... processing UTF-8 mapping file for font encoding OT1

(c:/texlive/2014/texmf-dist/tex/latex/base/ot1enc.dfu
File: ot1enc.dfu 2014/09/29 v1.1m UTF-8 support for inputenc
   defining Unicode char U+00A1 (decimal 161)
   defining Unicode char U+00A3 (decimal 163)
   defining Unicode char U+00B8 (decimal 184)
   defining Unicode char U+00BF (decimal 191)
   defining Unicode char U+00C5 (decimal 197)
   defining Unicode char U+00C6 (decimal 198)
   defining Unicode char U+00D8 (decimal 216)
   defining Unicode char U+00DF (decimal 223)
   defining Unicode char U+00E6 (decimal 230)
   defining Unicode char U+00EC (decimal 236)
   defining Unicode char U+00ED (decimal 237)
   defining Unicode char U+00EE (decimal 238)
   defining Unicode char U+00EF (decimal 239)
   defining Unicode char U+00F8 (decimal 248)
   defining Unicode char U+0131 (decimal 305)
   defining Unicode char U+0141 (decimal 321)
   defining Unicode char U+0142 (decimal 322)
   defining Unicode char U+0152 (decimal 338)
   defining Unicode char U+0153 (decimal 339)
   defining Unicode char U+2013 (decimal 8211)
   defining Unicode char U+2014 (decimal 8212)
   defining Unicode char U+2018 (decimal 8216)
   defining Unicode char U+2019 (decimal 8217)
   defining Unicode char U+201C (decimal 8220)
   defining Unicode char U+201D (decimal 8221)
)
Now handling font encoding OMS ...
... processing UTF-8 mapping file for font encoding OMS

(c:/texlive/2014/texmf-dist/tex/latex/base/omsenc.dfu
File: omsenc.dfu 2014/09/29 v1.1m UTF-8 support for inputenc
   defining Unicode char U+00A7 (decimal 167)
   defining Unicode char U+00B6 (decimal 182)
   defining Unicode char U+00B7 (decimal 183)
   defining Unicode char U+2020 (decimal 8224)
   defining Unicode char U+2021 (decimal 8225)
   defining Unicode char U+2022 (decimal 8226)
)
Now handling font encoding OMX ...
... no UTF-8 mapping file for font encoding OMX
Now handling font encoding U ...
... no UTF-8 mapping file for font encoding U
   defining Unicode char U+00A9 (decimal 169)
   defining Unicode char U+00AA (decimal 170)
   defining Unicode char U+00AE (decimal 174)
   defining Unicode char U+00BA (decimal 186)
   defining Unicode char U+02C6 (decimal 710)
   defining Unicode char U+02DC (decimal 732)
   defining Unicode char U+200C (decimal 8204)
   defining Unicode char U+2026 (decimal 8230)
   defining Unicode char U+2122 (decimal 8482)
   defining Unicode char U+2423 (decimal 9251)
))
(c:/texlive/2014/texmf-dist/tex/latex/amsmath/amsmath.sty
Package: amsmath 2013/01/14 v2.14 AMS math features
\@mathmargin=\skip50

For additional information on amsmath, use the `?' option.
(c:/texlive/2014/texmf-dist/tex/latex/amsmath/amstext.sty
Package: amstext 2000/06/29 v2.01

(c:/texlive/2014/texmf-dist/tex/latex/amsmath/amsgen.sty
File: amsgen.sty 1999/11/30 v2.0
\@emptytoks=\toks21
\ex@=\dimen122
))
(c:/texlive/2014/texmf-dist/tex/latex/amsmath/amsbsy.sty
Package: amsbsy 1999/11/29 v1.2d
\pmbraise@=\dimen123
)
(c:/texlive/2014/texmf-dist/tex/latex/amsmath/amsopn.sty
Package: amsopn 1999/12/14 v2.01 operator names
)
\inf@bad=\count98
LaTeX Info: Redefining \frac on input line 210.
\uproot@=\count99
\leftroot@=\count100
LaTeX Info: Redefining \overline on input line 306.
\classnum@=\count101
\DOTSCASE@=\count102
LaTeX Info: Redefining \ldots on input line 378.
LaTeX Info: Redefining \dots on input line 381.
LaTeX Info: Redefining \cdots on input line 466.
\Mathstrutbox@=\box28
\strutbox@=\box29
\big@size=\dimen124
LaTeX Font Info:    Redeclaring font encoding OML on input line 566.
LaTeX Font Info:    Redeclaring font encoding OMS on input line 567.
\macc@depth=\count103
\c@MaxMatrixCols=\count104
\dotsspace@=\muskip10
\c@parentequation=\count105
\dspbrk@lvl=\count106
\tag@help=\toks22
\row@=\count107
\column@=\count108
\maxfields@=\count109
\andhelp@=\toks23
\eqnshift@=\dimen125
\alignsep@=\dimen126
\tagshift@=\dimen127
\tagwidth@=\dimen128
\totwidth@=\dimen129
\lineht@=\dimen130
\@envbody=\toks24
\multlinegap=\skip51
\multlinetaggap=\skip52
\mathdisplay@stack=\toks25
LaTeX Info: Redefining \[ on input line 2665.
LaTeX Info: Redefining \] on input line 2666.
)
(c:/texlive/2014/texmf-dist/tex/latex/amsfonts/amssymb.sty
Package: amssymb 2013/01/14 v3.01 AMS font symbols

(c:/texlive/2014/texmf-dist/tex/latex/amsfonts/amsfonts.sty
Package: amsfonts 2013/01/14 v3.01 Basic AMSFonts support
\symAMSa=\mathgroup4
\symAMSb=\mathgroup5
LaTeX Font Info:    Overwriting math alphabet `\mathfrak' in version `bold'
(Font)                  U/euf/m/n --> U/euf/b/n on input line 106.
))
(c:/texlive/2014/texmf-dist/tex/latex/hyperref/hyperref.sty
Package: hyperref 2012/11/06 v6.83m Hypertext links for LaTeX

(c:/texlive/2014/texmf-dist/tex/generic/oberdiek/hobsub-hyperref.sty
Package: hobsub-hyperref 2012/05/28 v1.13 Bundle oberdiek, subset hyperref (HO)


(c:/texlive/2014/texmf-dist/tex/generic/oberdiek/hobsub-generic.sty
Package: hobsub-generic 2012/05/28 v1.13 Bundle oberdiek, subset generic (HO)
Package: hobsub 2012/05/28 v1.13 Construct package bundles (HO)
Package hobsub Info: Skipping package `infwarerr' (already loaded).
Package hobsub Info: Skipping package `ltxcmds' (already loaded).
Package: ifluatex 2010/03/01 v1.3 Provides the ifluatex switch (HO)
Package ifluatex Info: LuaTeX not detected.
Package hobsub Info: Skipping package `ifvtex' (already loaded).
Package: intcalc 2007/09/27 v1.1 Expandable calculations with integers (HO)
Package hobsub Info: Skipping package `ifpdf' (already loaded).
Package: etexcmds 2011/02/16 v1.5 Avoid name clashes with e-TeX commands (HO)
Package etexcmds Info: Could not find \expanded.
(etexcmds)             That can mean that you are not using pdfTeX 1.50 or
(etexcmds)             that some package has redefined \expanded.
(etexcmds)             In the latter case, load this package earlier.
Package: kvsetkeys 2012/04/25 v1.16 Key value parser (HO)
Package: kvdefinekeys 2011/04/07 v1.3 Define keys (HO)
Package: pdftexcmds 2011/11/29 v0.20 Utility functions of pdfTeX for LuaTeX (HO
)
Package pdftexcmds Info: LuaTeX not detected.
Package pdftexcmds Info: \pdf@primitive is available.
Package pdftexcmds Info: \pdf@ifprimitive is available.
Package pdftexcmds Info: \pdfdraftmode found.
Package: pdfescape 2011/11/25 v1.13 Implements pdfTeX's escape features (HO)
Package: bigintcalc 2012/04/08 v1.3 Expandable calculations on big integers (HO
)
Package: bitset 2011/01/30 v1.1 Handle bit-vector datatype (HO)
Package: uniquecounter 2011/01/30 v1.2 Provide unlimited unique counter (HO)
)
Package hobsub Info: Skipping package `hobsub' (already loaded).
Package: letltxmacro 2010/09/02 v1.4 Let assignment for LaTeX macros (HO)
Package: hopatch 2012/05/28 v1.2 Wrapper for package hooks (HO)
Package: xcolor-patch 2011/01/30 xcolor patch
Package: atveryend 2011/06/30 v1.8 Hooks at the very end of document (HO)
Package atveryend Info: \enddocument detected (standard20110627).
Package: atbegshi 2011/10/05 v1.16 At begin shipout hook (HO)
Package: refcount 2011/10/16 v3.4 Data extraction from label references (HO)
Package: hycolor 2011/01/30 v1.7 Color options for hyperref/bookmark (HO)
)
(c:/texlive/2014/texmf-dist/tex/latex/oberdiek/auxhook.sty
Package: auxhook 2011/03/04 v1.3 Hooks for auxiliary files (HO)
)
(c:/texlive/2014/texmf-dist/tex/latex/oberdiek/kvoptions.sty
Package: kvoptions 2011/06/30 v3.11 Key value format for package options (HO)
)
\@linkdim=\dimen131
\Hy@linkcounter=\count110
\Hy@pagecounter=\count111

(c:/texlive/2014/texmf-dist/tex/latex/hyperref/pd1enc.def
File: pd1enc.def 2012/11/06 v6.83m Hyperref: PDFDocEncoding definition (HO)
Now handling font encoding PD1 ...
... no UTF-8 mapping file for font encoding PD1
)
\Hy@SavedSpaceFactor=\count112

(c:/texlive/2014/texmf-dist/tex/latex/latexconfig/hyperref.cfg
File: hyperref.cfg 2002/06/06 v1.2 hyperref configuration of TeXLive
)
Package hyperref Info: Hyper figures OFF on input line 4443.
Package hyperref Info: Link nesting OFF on input line 4448.
Package hyperref Info: Hyper index ON on input line 4451.
Package hyperref Info: Plain pages OFF on input line 4458.
Package hyperref Info: Backreferencing OFF on input line 4463.
Package hyperref Info: Implicit mode ON; LaTeX internals redefined.
Package hyperref Info: Bookmarks ON on input line 4688.
\c@Hy@tempcnt=\count113

(c:/texlive/2014/texmf-dist/tex/latex/url/url.sty
\Urlmuskip=\muskip11
Package: url 2013/09/16  ver 3.4  Verb mode for urls, etc.
)
LaTeX Info: Redefining \url on input line 5041.
\XeTeXLinkMargin=\dimen132
\Fld@menulength=\count114
\Field@Width=\dimen133
\Fld@charsize=\dimen134
Package hyperref Info: Hyper figures OFF on input line 6295.
Package hyperref Info: Link nesting OFF on input line 6300.
Package hyperref Info: Hyper index ON on input line 6303.
Package hyperref Info: backreferencing OFF on input line 6310.
Package hyperref Info: Link coloring OFF on input line 6315.
Package hyperref Info: Link coloring with OCG OFF on input line 6320.
Package hyperref Info: PDF/A mode OFF on input line 6325.
LaTeX Info: Redefining \ref on input line 6365.
LaTeX Info: Redefining \pageref on input line 6369.
\Hy@abspage=\count115
\c@Item=\count116
\c@Hfootnote=\count117
)

Package hyperref Message: Driver (autodetected): hpdftex.

(c:/texlive/2014/texmf-dist/tex/latex/hyperref/hpdftex.def
File: hpdftex.def 2012/11/06 v6.83m Hyperref driver for pdfTeX
\Fld@listcount=\count118
\c@bookmark@seq@number=\count119

(c:/texlive/2014/texmf-dist/tex/latex/oberdiek/rerunfilecheck.sty
Package: rerunfilecheck 2011/04/15 v1.7 Rerun checks for auxiliary files (HO)
Package uniquecounter Info: New unique counter `rerunfilecheck' on input line 2
82.
)
\Hy@SectionHShift=\skip53
)
(c:/texlive/2014/texmf-dist/tex/latex/mdwtools/footnote.sty
Package: footnote 1997/01/28 1.13 Save footnotes around boxes
\fn@notes=\box30
\fn@width=\dimen135
)
(c:/texlive/2014/texmf-dist/tex/latex/tools/enumerate.sty
Package: enumerate 2014/10/28 v3.00 enumerate extensions (DPC)
\@enLab=\toks26
)
(c:/texlive/2014/texmf-dist/tex/latex/graphics/lscape.sty
Package: lscape 2000/10/22 v3.01 Landscape Pages (DPC)
)
(c:/texlive/2014/texmf-dist/tex/latex/tools/longtable.sty
Package: longtable 2014/10/28 v4.11 Multi-page Table package (DPC)
\LTleft=\skip54
\LTright=\skip55
\LTpre=\skip56
\LTpost=\skip57
\LTchunksize=\count120
\LTcapwidth=\dimen136
\LT@head=\box31
\LT@firsthead=\box32
\LT@foot=\box33
\LT@lastfoot=\box34
\LT@cols=\count121
\LT@rows=\count122
\c@LT@tables=\count123
\c@LT@chunks=\count124
\LT@p@ftn=\toks27
)
(c:/texlive/2014/texmf-dist/tex/latex/blindtext/blindtext.sty
Package: blindtext 2012/01/06 V2.0 blindtext-Package

(c:/texlive/2014/texmf-dist/tex/latex/tools/xspace.sty
Package: xspace 2014/10/28 v1.13 Space after command names (DPC,MH)
)
\c@blindtext=\count125
\c@Blindtext=\count126
\c@blind@countparstart=\count127
\blind@countxx=\count128
\blindtext@numBlindtext=\count129
\blind@countyy=\count130
\c@blindlist=\count131
\c@blindlistlevel=\count132
\c@blindlist@level=\count133
\blind@listitem=\count134
\c@blind@listcount=\count135
\c@blind@levelcount=\count136
\blind@mathformula=\count137
\blind@Mathformula=\count138
\c@blind@randomcount=\count139
\c@blind@randommax=\count140
\c@blind@pangramcount=\count141
\c@blind@pangrammax=\count142
)
\@losfile=\write3
\openout3 = `thesis.syx'.


Writing index of symbols file thesis.syx
\@labfile=\write4
\openout4 = `thesis.abx'.

Writing index of abbreviations file thesis.abx
(./thesis.aux (./tese_dedicatoria.aux) (./tese_agradecimentos.aux)
(./tese_resumo.aux) (./tese_abstract.aux) (./tese_introducao.aux)
(./tese_contextogeologico.aux) (./tese_dados.aux) (./tese_FR.aux)
(./tese_correlacao.aux) (./tese_conclusao.aux) (./tese_anexoA.aux)
(./tese_anexoB.aux) (./tese_anexoC.aux))
\openout1 = `thesis.aux'.

LaTeX Font Info:    Checking defaults for OML/cmm/m/it on input line 16.
LaTeX Font Info:    ... okay on input line 16.
LaTeX Font Info:    Checking defaults for T1/cmr/m/n on input line 16.
LaTeX Font Info:    ... okay on input line 16.
LaTeX Font Info:    Checking defaults for OT1/cmr/m/n on input line 16.
LaTeX Font Info:    ... okay on input line 16.
LaTeX Font Info:    Checking defaults for OMS/cmsy/m/n on input line 16.
LaTeX Font Info:    ... okay on input line 16.
LaTeX Font Info:    Checking defaults for OMX/cmex/m/n on input line 16.
LaTeX Font Info:    ... okay on input line 16.
LaTeX Font Info:    Checking defaults for U/cmr/m/n on input line 16.
LaTeX Font Info:    ... okay on input line 16.
LaTeX Font Info:    Checking defaults for PD1/pdf/m/n on input line 16.
LaTeX Font Info:    ... okay on input line 16.
Package lastpage Info: Please have a look at the pageslts package at
(lastpage)             http://www.ctan.org/tex-archive/ 
(lastpage)             macros/latex/contrib/pageslts/ 
(lastpage)             or
(lastpage)             http://www.ctan.org/tex-archive/ 
(lastpage)             install/macros/latex/contrib/pageslts.tds.zip
(lastpage)             ! on input line 16.

(c:/texlive/2014/texmf-dist/tex/context/base/supp-pdf.mkii
[Loading MPS to PDF converter (version 2006.09.02).]
\scratchcounter=\count143
\scratchdimen=\dimen137
\scratchbox=\box35
\nofMPsegments=\count144
\nofMParguments=\count145
\everyMPshowfont=\toks28
\MPscratchCnt=\count146
\MPscratchDim=\dimen138
\MPnumerator=\count147
\makeMPintoPDFobject=\count148
\everyMPtoPDFconversion=\toks29
) (c:/texlive/2014/texmf-dist/tex/latex/oberdiek/epstopdf-base.sty
Package: epstopdf-base 2010/02/09 v2.5 Base part for package epstopdf

(c:/texlive/2014/texmf-dist/tex/latex/oberdiek/grfext.sty
Package: grfext 2010/08/19 v1.1 Manage graphics extensions (HO)
)
Package grfext Info: Graphics extension search list:
(grfext)             [.png,.pdf,.jpg,.mps,.jpeg,.jbig2,.jb2,.PNG,.PDF,.JPG,.JPE
G,.JBIG2,.JB2,.eps]
(grfext)             \AppendGraphicsExtensions on input line 452.

(c:/texlive/2014/texmf-dist/tex/latex/latexconfig/epstopdf-sys.cfg
File: epstopdf-sys.cfg 2010/07/13 v1.3 Configuration of (r)epstopdf for TeX Liv
e
))
*geometry* driver: auto-detecting
*geometry* detected driver: pdftex
*geometry* verbose mode - [ preamble ] result:
* driver: pdftex
* paper: a4paper
* layout: <same size as paper>
* layoutoffset:(h,v)=(0.0pt,0.0pt)
* vratio: 1:1
* modes: 
* h-part:(L,W,R)=(85.35826pt, 426.79135pt, 85.35826pt)
* v-part:(T,H,B)=(71.13188pt, 702.78308pt, 71.13188pt)
* \paperwidth=597.50787pt
* \paperheight=845.04684pt
* \textwidth=426.79135pt
* \textheight=702.78308pt
* \oddsidemargin=13.08827pt
* \evensidemargin=13.08827pt
* \topmargin=-33.0119pt
* \headheight=12.0pt
* \headsep=19.8738pt
* \topskip=12.0pt
* \footskip=30.0pt
* \marginparwidth=38.0pt
* \marginparsep=7.0pt
* \columnsep=10.0pt
* \skip\footins=10.8pt plus 4.0pt minus 2.0pt
* \hoffset=0.0pt
* \voffset=0.0pt
* \mag=1000
* \@twocolumnfalse
* \@twosidefalse
* \@mparswitchfalse
* \@reversemarginfalse
* (1in=72.27pt=25.4mm, 1cm=28.453pt)

\AtBeginShipoutBox=\box36
Package hyperref Info: Link coloring OFF on input line 16.
(c:/texlive/2014/texmf-dist/tex/latex/hyperref/nameref.sty
Package: nameref 2012/10/27 v2.43 Cross-referencing by name of section

(c:/texlive/2014/texmf-dist/tex/generic/oberdiek/gettitlestring.sty
Package: gettitlestring 2010/12/03 v1.4 Cleanup title references (HO)
)
\c@section@level=\count149
)
LaTeX Info: Redefining \ref on input line 16.
LaTeX Info: Redefining \pageref on input line 16.
LaTeX Info: Redefining \nameref on input line 16.

(./thesis.out) (./thesis.out)
\@outlinefile=\write5
\openout5 = `thesis.out'.

Package babel Info: Redefining portuges shorthand "|
(babel)             in language  on input line 39.
Package babel Info: Redefining portuges shorthand "|
(babel)             in language  on input line 39.
Package babel Info: Redefining portuges shorthand "|
(babel)             in language  on input line 39.
Package babel Info: Redefining portuges shorthand "|
(babel)             in language  on input line 39.
Package babel Info: Redefining portuges shorthand "|
(babel)             in language  on input line 39.
Package hyperref Info: Option `breaklinks' set `true' on input line 39.
Package hyperref Info: Option `raiselinks' set `true' on input line 39.
Package hyperref Info: Option `pageanchor' set `true' on input line 39.


pdfTeX warning: pdflatex.exe (file ./ON-logo.pdf): PDF inclusion: found PDF ver
sion <1.6>, but at most version <1.5> allowed
<ON-logo.pdf, id=144, 532.95615pt x 168.19116pt>
File: ON-logo.pdf Graphic file (type pdf)
 <use ON-logo.pdf>
Package pdftex.def Info: ON-logo.pdf used on input line 39.
(pdftex.def)             Requested size: 142.26378pt x 44.8938pt.


pdfTeX warning: pdflatex.exe (file ./MCTI-logo.pdf): PDF inclusion: found PDF v
ersion <1.6>, but at most version <1.5> allowed
<MCTI-logo.pdf, id=145, 168.16426pt x 74.30502pt>
File: MCTI-logo.pdf Graphic file (type pdf)
 <use MCTI-logo.pdf>
Package pdftex.def Info: MCTI-logo.pdf used on input line 39.
(pdftex.def)             Requested size: 113.81102pt x 50.28976pt.

Underfull \hbox (badness 7740) in paragraph at lines 39--39
[]\OT1/cmr/m/n/12 Disserta^^Xc~ao de Mestrado apresentada ao
 []

LaTeX Font Info:    Try loading font information for U+msa on input line 39.
(c:/texlive/2014/texmf-dist/tex/latex/amsfonts/umsa.fd
File: umsa.fd 2013/01/14 v3.01 AMS symbols A
)
LaTeX Font Info:    Try loading font information for U+msb on input line 39.

(c:/texlive/2014/texmf-dist/tex/latex/amsfonts/umsb.fd
File: umsb.fd 2013/01/14 v3.01 AMS symbols B
)
Package babel Info: Redefining portuges shorthand "|
(babel)             in language  on input line 39.
Package babel Info: Redefining portuges shorthand "|
(babel)             in language  on input line 39.
 [1


{c:/texlive/2014/texmf-var/fonts/map/pdftex/updmap/pdftex.map} <./ON-logo.pdf> 
<./MCTI-logo.pdf>]
Package babel Info: Redefining portuges shorthand "|
(babel)             in language  on input line 40.
Package babel Info: Redefining portuges shorthand "|
(babel)             in language  on input line 40.

[2

]
Package babel Info: Redefining portuges shorthand "|
(babel)             in language  on input line 41.
Package babel Info: Redefining portuges shorthand "|
(babel)             in language  on input line 41.
 [3

]
\openout2 = `tese_dedicatoria.aux'.

 (./tese_dedicatoria.tex)
Package babel Info: Redefining portuges shorthand "|
(babel)             in language  on input line 41.
Package babel Info: Redefining portuges shorthand "|
(babel)             in language  on input line 41.
 [4


]
\openout2 = `tese_agradecimentos.aux'.

 (./tese_agradecimentos.tex)
Package babel Info: Redefining portuges shorthand "|
(babel)             in language  on input line 42.
Package babel Info: Redefining portuges shorthand "|
(babel)             in language  on input line 42.
 [5



]
\openout2 = `tese_resumo.aux'.


(./tese_resumo.tex
Package babel Info: Redefining portuges shorthand "|
(babel)             in language  on input line 2.
)
Package babel Info: Redefining portuges shorthand "|
(babel)             in language  on input line 43.
Package babel Info: Redefining portuges shorthand "|
(babel)             in language  on input line 43.
 [6



]
\openout2 = `tese_abstract.aux'.

 (./tese_abstract.tex
Package babel Info: Redefining portuges shorthand "|
(babel)             in language  on input line 2.
)
Package babel Info: Redefining portuges shorthand "|
(babel)             in language  on input line 44.
Package babel Info: Redefining portuges shorthand "|
(babel)             in language  on input line 44.
 [7



] (./thesis.toc
Package babel Info: Redefining portuges shorthand "|
(babel)             in language  on input line 28.
Package babel Info: Redefining portuges shorthand "|
(babel)             in language  on input line 28.
 [8


])
\tf@toc=\write6
\openout6 = `thesis.toc'.

Package babel Info: Redefining portuges shorthand "|
(babel)             in language  on input line 46.
Package babel Info: Redefining portuges shorthand "|
(babel)             in language  on input line 46.
 [9]
Package babel Info: Redefining portuges shorthand "|
(babel)             in language  on input line 46.

(./thesis.lof
Package babel Info: Redefining portuges shorthand "|
(babel)             in language  on input line 19.
Package babel Info: Redefining portuges shorthand "|
(babel)             in language  on input line 19.
 [10

]
Package babel Info: Redefining portuges shorthand "|
(babel)             in language  on input line 36.
Package babel Info: Redefining portuges shorthand "|
(babel)             in language  on input line 36.
 [11])
\tf@lof=\write7
\openout7 = `thesis.lof'.

Package babel Info: Redefining portuges shorthand "|
(babel)             in language  on input line 47.
Package babel Info: Redefining portuges shorthand "|
(babel)             in language  on input line 47.
 [12]
Package babel Info: Redefining portuges shorthand "|
(babel)             in language  on input line 47.
 (./thesis.lot)
\tf@lot=\write8
\openout8 = `thesis.lot'.


No file thesis.los.
No file thesis.lab.
Package babel Info: Redefining portuges shorthand "|
(babel)             in language  on input line 51.
Package babel Info: Redefining portuges shorthand "|
(babel)             in language  on input line 51.
[13

]
\openout2 = `tese_introducao.aux'.

 (./tese_introducao.tex
Cap\'{\i }tulo 1.
Package babel Info: Redefining portuges shorthand "|
(babel)             in language  on input line 1.
Package babel Info: Redefining portuges shorthand "|
(babel)             in language  on input line 10.
Package babel Info: Redefining portuges shorthand "|
(babel)             in language  on input line 10.
[1



])
Package babel Info: Redefining portuges shorthand "|
(babel)             in language  on input line 52.
Package babel Info: Redefining portuges shorthand "|
(babel)             in language  on input line 52.
 [2]
\openout2 = `tese_contextogeologico.aux'.

 (./tese_contextogeologico.tex
Cap\'{\i }tulo 2.
Package babel Info: Redefining portuges shorthand "|
(babel)             in language  on input line 1.
<Figs/mapa_geologico.png, id=524, 803.0pt x 651.43375pt>
File: Figs/mapa_geologico.png Graphic file (type png)

<use Figs/mapa_geologico.png>
Package pdftex.def Info: Figs/mapa_geologico.png used on input line 11.
(pdftex.def)             Requested size: 401.49902pt x 325.71606pt.
Package babel Info: Redefining portuges shorthand "|
(babel)             in language  on input line 17.
Package babel Info: Redefining portuges shorthand "|
(babel)             in language  on input line 17.
 [3



]
Package babel Info: Redefining portuges shorthand "|
(babel)             in language  on input line 17.
Package babel Info: Redefining portuges shorthand "|
(babel)             in language  on input line 17.
 [4 <./Figs/mapa_geologico.png>]
<Figs/perfil_esquematico_area.png, id=552, 572.1375pt x 710.655pt>
File: Figs/perfil_esquematico_area.png Graphic file (type png)

<use Figs/perfil_esquematico_area.png>
Package pdftex.def Info: Figs/perfil_esquematico_area.png used on input line 20
.
(pdftex.def)             Requested size: 400.49352pt x 497.45511pt.
Package babel Info: Redefining portuges shorthand "|
(babel)             in language  on input line 26.
Package babel Info: Redefining portuges shorthand "|
(babel)             in language  on input line 26.
 [5 <./Figs/perfil_esquematico_area.png>] <Figs/mapa_estacoes_geologico.png, id
=585, 844.52657pt x 596.74371pt>
File: Figs/mapa_estacoes_geologico.png Graphic file (type png)

<use Figs/mapa_estacoes_geologico.png>
Package pdftex.def Info: Figs/mapa_estacoes_geologico.png used on input line 31
.
(pdftex.def)             Requested size: 422.26224pt x 298.37112pt.
)
Package babel Info: Redefining portuges shorthand "|
(babel)             in language  on input line 53.
Package babel Info: Redefining portuges shorthand "|
(babel)             in language  on input line 53.
 [6]
Package babel Info: Redefining portuges shorthand "|
(babel)             in language  on input line 53.
Package babel Info: Redefining portuges shorthand "|
(babel)             in language  on input line 53.
 [7 <./Figs/mapa_estacoes_geologico.png>]
\openout2 = `tese_dados.aux'.

 (./tese_dados.tex
Cap\'{\i }tulo 3.
Package babel Info: Redefining portuges shorthand "|
(babel)             in language  on input line 1.
Package babel Info: Redefining portuges shorthand "|
(babel)             in language  on input line 2.
<Figs/instalacao.png, id=605, 915.42pt x 1034.6655pt>
File: Figs/instalacao.png Graphic file (type png)

<use Figs/instalacao.png>
Package pdftex.def Info: Figs/instalacao.png used on input line 12.
(pdftex.def)             Requested size: 411.9352pt x 465.59517pt.

<Figs/mapa_das_estacoes_simosgraficas_instaladas.png, id=608, 844.52657pt x 596
.74371pt>
File: Figs/mapa_das_estacoes_simosgraficas_instaladas.png Graphic file (type pn
g)
 <use Figs/mapa_das_estacoes_simosgraficas_instaladas.png>
Package pdftex.def Info: Figs/mapa_das_estacoes_simosgraficas_instaladas.png us
ed on input line 21.
(pdftex.def)             Requested size: 422.26224pt x 298.37112pt.
Package babel Info: Redefining portuges shorthand "|
(babel)             in language  on input line 27.
Package babel Info: Redefining portuges shorthand "|
(babel)             in language  on input line 27.
 [8



]
<Figs/sismograma.png, id=615, 729.927pt x 312.2064pt>
File: Figs/sismograma.png Graphic file (type png)

<use Figs/sismograma.png>
Package pdftex.def Info: Figs/sismograma.png used on input line 32.
(pdftex.def)             Requested size: 437.95958pt x 187.32529pt.

Overfull \hbox (11.16823pt too wide) in paragraph at lines 32--33
 [][] 
 []

Package babel Info: Redefining portuges shorthand "|
(babel)             in language  on input line 35.
Package babel Info: Redefining portuges shorthand "|
(babel)             in language  on input line 35.
[9 <./Figs/instalacao.png>]
Package babel Info: Redefining portuges shorthand "|
(babel)             in language  on input line 38.
Package babel Info: Redefining portuges shorthand "|
(babel)             in language  on input line 38.
 [10 <./Figs/mapa_das_estacoes_simosgraficas_instaladas.png> <./Figs/sismograma
.png>]
Package babel Info: Redefining portuges shorthand "|
(babel)             in language  on input line 41.

<Figs/mcnamura_buland.png, id=639, 605.26125pt x 455.7025pt>
File: Figs/mcnamura_buland.png Graphic file (type png)

<use Figs/mcnamura_buland.png>
Package pdftex.def Info: Figs/mcnamura_buland.png used on input line 51.
(pdftex.def)             Requested size: 363.15953pt x 273.4236pt.

<Figs/pqlx_results.png, id=648, 1339.1631pt x 354.123pt>
File: Figs/pqlx_results.png Graphic file (type png)

<use Figs/pqlx_results.png>
Package pdftex.def Info: Figs/pqlx_results.png used on input line 60.
(pdftex.def)             Requested size: 401.75203pt x 106.2377pt.
Package babel Info: Redefining portuges shorthand "|
(babel)             in language  on input line 65.
Package babel Info: Redefining portuges shorthand "|
(babel)             in language  on input line 68.
Package babel Info: Redefining portuges shorthand "|
(babel)             in language  on input line 68.
 [11]
Package babel Info: Redefining portuges shorthand "|
(babel)             in language  on input line 68.
Package babel Info: Redefining portuges shorthand "|
(babel)             in language  on input line 68.
 [12 <./Figs/mcnamura_buland.png> <./Figs/pqlx_results.png>] <Figs/mapa_de_even
tos.png, id=675, 782.6841pt x 377.9721pt>
File: Figs/mapa_de_eventos.png Graphic file (type png)

<use Figs/mapa_de_eventos.png>
Package pdftex.def Info: Figs/mapa_de_eventos.png used on input line 80.
(pdftex.def)             Requested size: 391.3411pt x 188.98558pt.
Package babel Info: Redefining portuges shorthand "|
(babel)             in language  on input line 90.
Package babel Info: Redefining portuges shorthand "|
(babel)             in language  on input line 90.
 [13]
Package babel Info: Redefining portuges shorthand "|
(babel)             in language  on input line 94.

<Figs/sta_corr.png, id=694, 806.71388pt x 717.27975pt>
File: Figs/sta_corr.png Graphic file (type png)
 <use Figs/sta_corr.png>
Package pdftex.def Info: Figs/sta_corr.png used on input line 100.
(pdftex.def)             Requested size: 403.35596pt x 358.63899pt.
Package babel Info: Redefining portuges shorthand "|
(babel)             in language  on input line 107.
Package babel Info: Redefining portuges shorthand "|
(babel)             in language  on input line 107.

[14 <./Figs/mapa_de_eventos.png>]
<Figs/correlacao_tempo_de_chegada.png, id=704, 624.05145pt x 485.29305pt>
File: Figs/correlacao_tempo_de_chegada.png Graphic file (type png)

<use Figs/correlacao_tempo_de_chegada.png>
Package pdftex.def Info: Figs/correlacao_tempo_de_chegada.png used on input lin
e 110.
(pdftex.def)             Requested size: 374.43376pt x 291.17807pt.

<Figs/correlacao_tempo_de_chegada_resultado.png, id=711, 1216.3041pt x 742.9356
pt>
File: Figs/correlacao_tempo_de_chegada_resultado.png Graphic file (type png)
 <use Figs/correlacao_tempo_de_chegada_resultado.png>
Package pdftex.def Info: Figs/correlacao_tempo_de_chegada_resultado.png used on
 input line 119.
(pdftex.def)             Requested size: 364.89404pt x 222.88239pt.
Package babel Info: Redefining portuges shorthand "|
(babel)             in language  on input line 125.
Package babel Info: Redefining portuges shorthand "|
(babel)             in language  on input line 125.
 [15 <./Figs/sta_corr.png>]

LaTeX Warning: Text page 16 contains only floats.

Package babel Info: Redefining portuges shorthand "|
(babel)             in language  on input line 125.
Package babel Info: Redefining portuges shorthand "|
(babel)             in language  on input line 125.
[16 <./Figs/correlacao_tempo_de_chegada.png> <./Figs/correlacao_tempo_de_chegad
a_resultado.png>])
Package babel Info: Redefining portuges shorthand "|
(babel)             in language  on input line 54.
Package babel Info: Redefining portuges shorthand "|
(babel)             in language  on input line 54.
 [17]
\openout2 = `tese_FR.aux'.

 (./tese_FR.tex
Cap\'{\i }tulo 4.
Package babel Info: Redefining portuges shorthand "|
(babel)             in language  on input line 1.
Package babel Info: Redefining portuges shorthand "|
(babel)             in language  on input line 3.
<Figs/Componente_Radial_Transversal.png, id=740, 735.74875pt x 192.72pt>
File: Figs/Componente_Radial_Transversal.png Graphic file (type png)

<use Figs/Componente_Radial_Transversal.png>
Package pdftex.def Info: Figs/Componente_Radial_Transversal.png used on input l
ine 18.
(pdftex.def)             Requested size: 367.87347pt x 96.35976pt.
Package babel Info: Redefining portuges shorthand "|
(babel)             in language  on input line 23.
Package babel Info: Redefining portuges shorthand "|
(babel)             in language  on input line 26.
Package babel Info: Redefining portuges shorthand "|
(babel)             in language  on input line 26.
 [18



]
<Figs/funcoes_sinteticas.png, id=751, 381.425pt x 605.26125pt>
File: Figs/funcoes_sinteticas.png Graphic file (type png)

<use Figs/funcoes_sinteticas.png>
Package pdftex.def Info: Figs/funcoes_sinteticas.png used on input line 29.
(pdftex.def)             Requested size: 305.1404pt x 484.20964pt.
Package babel Info: Redefining portuges shorthand "|
(babel)             in language  on input line 48.
Package babel Info: Redefining portuges shorthand "|
(babel)             in language  on input line 48.
 [19 <./Figs/Componente_Radial_Transversal.png>]
Package babel Info: Redefining portuges shorthand "|
(babel)             in language  on input line 51.
Package babel Info: Redefining portuges shorthand "|
(babel)             in language  on input line 51.
 [20 <./Figs/funcoes_sinteticas.png>]
Package babel Info: Redefining portuges shorthand "|
(babel)             in language  on input line 69.
Package babel Info: Redefining portuges shorthand "|
(babel)             in language  on input line 69.
 [21]

LaTeX Warning: Command \textordmasculine invalid in math mode on input line 86.


<Figs/water_level.png, id=812, 475.7775pt x 204.765pt>
File: Figs/water_level.png Graphic file (type png)

<use Figs/water_level.png>
Package pdftex.def Info: Figs/water_level.png used on input line 90.
(pdftex.def)             Requested size: 380.6225pt x 163.8122pt.
Package babel Info: Redefining portuges shorthand "|
(babel)             in language  on input line 96.
Package babel Info: Redefining portuges shorthand "|
(babel)             in language  on input line 96.
 [22pdfTeX warning (ext4): destination with the same identifier (name{equation.
4.2.6}) has been already used, duplicate ignored

\AtBegShi@Output ...ipout \box \AtBeginShipoutBox 
                                                  \fi \fi 
l.96 
      <./Figs/water_level.png>]
<Figs/deconvolucao_interativa.png, id=834, 806.01125pt x 706.64pt>
File: Figs/deconvolucao_interativa.png Graphic file (type png)

<use Figs/deconvolucao_interativa.png>
Package pdftex.def Info: Figs/deconvolucao_interativa.png used on input line 99
.
(pdftex.def)             Requested size: 403.00464pt x 353.31914pt.
Package babel Info: Redefining portuges shorthand "|
(babel)             in language  on input line 104.
Package babel Info: Redefining portuges shorthand "|
(babel)             in language  on input line 107.
Package babel Info: Redefining portuges shorthand "|
(babel)             in language  on input line 107.
 [23 <./Figs/deconvolucao_interativa.png>]
Package babel Info: Redefining portuges shorthand "|
(babel)             in language  on input line 131.
Package babel Info: Redefining portuges shorthand "|
(babel)             in language  on input line 131.
 [24] <Figs/grid_search.png, id=866, 695.59875pt x 693.59125pt>
File: Figs/grid_search.png Graphic file (type png)

<use Figs/grid_search.png>
Package pdftex.def Info: Figs/grid_search.png used on input line 152.
(pdftex.def)             Requested size: 347.79852pt x 346.79477pt.
Package babel Info: Redefining portuges shorthand "|
(babel)             in language  on input line 162.
Package babel Info: Redefining portuges shorthand "|
(babel)             in language  on input line 162.
 [25]
Package babel Info: Redefining portuges shorthand "|
(babel)             in language  on input line 164.
Package babel Info: Redefining portuges shorthand "|
(babel)             in language  on input line 164.
 [26 <./Figs/grid_search.png>]
<Figs/tempo_teorico_modelo_tauptime.png, id=900, 626.5809pt x 437.9562pt>
File: Figs/tempo_teorico_modelo_tauptime.png Graphic file (type png)

<use Figs/tempo_teorico_modelo_tauptime.png>
Package pdftex.def Info: Figs/tempo_teorico_modelo_tauptime.png used on input l
ine 167.
(pdftex.def)             Requested size: 438.60364pt x 306.56725pt.

Overfull \hbox (11.81229pt too wide) in paragraph at lines 167--168
 [][] 
 []

Package babel Info: Redefining portuges shorthand "|
(babel)             in language  on input line 177.
Package babel Info: Redefining portuges shorthand "|
(babel)             in language  on input line 177.
[27 <./Figs/tempo_teorico_modelo_tauptime.png>]
Package babel Info: Redefining portuges shorthand "|
(babel)             in language  on input line 195.
Package babel Info: Redefining portuges shorthand "|
(babel)             in language  on input line 195.
 [28]
<Figs/empilhamento.png, id=940, 484.9317pt x 482.7636pt>
File: Figs/empilhamento.png Graphic file (type png)

<use Figs/empilhamento.png>
Package pdftex.def Info: Figs/empilhamento.png used on input line 198.
(pdftex.def)             Requested size: 387.94588pt x 386.2114pt.
Package babel Info: Redefining portuges shorthand "|
(babel)             in language  on input line 203.
Package babel Info: Redefining portuges shorthand "|
(babel)             in language  on input line 206.
Package babel Info: Redefining portuges shorthand "|
(babel)             in language  on input line 206.
 [29 <./Figs/empilhamento.png>]
Package babel Info: Redefining portuges shorthand "|
(babel)             in language  on input line 207.

<Figs/modelagem_RF.png, id=956, 1901.1025pt x 762.85pt>
File: Figs/modelagem_RF.png Graphic file (type png)

<use Figs/modelagem_RF.png>
Package pdftex.def Info: Figs/modelagem_RF.png used on input line 211.
(pdftex.def)             Requested size: 418.24385pt x 167.82751pt.
Package babel Info: Redefining portuges shorthand "|
(babel)             in language  on input line 219.
Package babel Info: Redefining portuges shorthand "|
(babel)             in language  on input line 219.
 [30 <./Figs/modelagem_RF.png>]
Package babel Info: Redefining portuges shorthand "|
(babel)             in language  on input line 224.

<Figs/perfil_RF_sintetico.png, id=999, 1800.8504pt x 1014.7298pt>
File: Figs/perfil_RF_sintetico.png Graphic file (type png)

<use Figs/perfil_RF_sintetico.png>
Package pdftex.def Info: Figs/perfil_RF_sintetico.png used on input line 228.
(pdftex.def)             Requested size: 450.2115pt x 253.68182pt.

Overfull \hbox (23.42015pt too wide) in paragraph at lines 228--229
 [][] 
 []

Package babel Info: Redefining portuges shorthand "|
(babel)             in language  on input line 236.
Package babel Info: Redefining portuges shorthand "|
(babel)             in language  on input line 236.
[31]
Package babel Info: Redefining portuges shorthand "|
(babel)             in language  on input line 241.
Package babel Info: Redefining portuges shorthand "|
(babel)             in language  on input line 244.
Package babel Info: Redefining portuges shorthand "|
(babel)             in language  on input line 244.
 [32 <./Figs/perfil_RF_sintetico.png>]
<Figs/RF_SLP01_STA08.png, id=1028, 2843.60327pt x 1491.12184pt>
File: Figs/RF_SLP01_STA08.png Graphic file (type png)

<use Figs/RF_SLP01_STA08.png>
Package pdftex.def Info: Figs/RF_SLP01_STA08.png used on input line 251.
(pdftex.def)             Requested size: 454.98582pt x 238.58437pt.

Overfull \hbox (28.19447pt too wide) in paragraph at lines 251--252
 [][] 
 []

Package babel Info: Redefining portuges shorthand "|
(babel)             in language  on input line 257.
Package babel Info: Redefining portuges shorthand "|
(babel)             in language  on input line 257.
[33 <./Figs/RF_SLP01_STA08.png>]
<Figs/Interpolacao_Linear.png, id=1054, 787.94376pt x 450.68375pt>
File: Figs/Interpolacao_Linear.png Graphic file (type png)

<use Figs/Interpolacao_Linear.png>
Package pdftex.def Info: Figs/Interpolacao_Linear.png used on input line 262.
(pdftex.def)             Requested size: 393.97092pt x 225.34131pt.
Package babel Info: Redefining portuges shorthand "|
(babel)             in language  on input line 270.
Package babel Info: Redefining portuges shorthand "|
(babel)             in language  on input line 270.
 [34]
<Figs/RF_azimute_perfil1.png, id=1079, 2187.372pt x 2984.751pt>
File: Figs/RF_azimute_perfil1.png Graphic file (type png)

<use Figs/RF_azimute_perfil1.png>
Package pdftex.def Info: Figs/RF_azimute_perfil1.png used on input line 273.
(pdftex.def)             Requested size: 328.09164pt x 447.69334pt.

<Figs/RF_azimute_perfil2.png, id=1080, 2187.372pt x 2847.438pt>
File: Figs/RF_azimute_perfil2.png Graphic file (type png)

<use Figs/RF_azimute_perfil2.png>
Package pdftex.def Info: Figs/RF_azimute_perfil2.png used on input line 280.
(pdftex.def)             Requested size: 328.09164pt x 427.09727pt.

<Figs/RF_azimute_perfil3.png, id=1081, 2187.372pt x 2866.71pt>
File: Figs/RF_azimute_perfil3.png Graphic file (type png)

<use Figs/RF_azimute_perfil3.png>
Package pdftex.def Info: Figs/RF_azimute_perfil3.png used on input line 287.
(pdftex.def)             Requested size: 328.09164pt x 429.98795pt.
Package babel Info: Redefining portuges shorthand "|
(babel)             in language  on input line 295.
Package babel Info: Redefining portuges shorthand "|
(babel)             in language  on input line 295.
 [35 <./Figs/Interpolacao_Linear.png>])
Package babel Info: Redefining portuges shorthand "|
(babel)             in language  on input line 55.
Package babel Info: Redefining portuges shorthand "|
(babel)             in language  on input line 55.

[36 <./Figs/RF_azimute_perfil1.png>]
Package babel Info: Redefining portuges shorthand "|
(babel)             in language  on input line 55.
Package babel Info: Redefining portuges shorthand "|
(babel)             in language  on input line 55.
 [37 <./Figs/RF_azimute_perfil2.png>]
Package babel Info: Redefining portuges shorthand "|
(babel)             in language  on input line 55.
Package babel Info: Redefining portuges shorthand "|
(babel)             in language  on input line 55.

[38 <./Figs/RF_azimute_perfil3.png>]
\openout2 = `tese_correlacao.aux'.

 (./tese_correlacao.tex
Cap\'{\i }tulo 5.
Package babel Info: Redefining portuges shorthand "|
(babel)             in language  on input line 1.
Package babel Info: Redefining portuges shorthand "|
(babel)             in language  on input line 3.

Underfull \hbox (badness 10000) in paragraph at lines 15--17

 []

Package babel Info: Redefining portuges shorthand "|
(babel)             in language  on input line 19.
Package babel Info: Redefining portuges shorthand "|
(babel)             in language  on input line 19.
[39



] <Figs/shapiro2004.png, id=1152, 611.28375pt x 841.1425pt>
File: Figs/shapiro2004.png Graphic file (type png)

<use Figs/shapiro2004.png>
Package pdftex.def Info: Figs/shapiro2004.png used on input line 25.
(pdftex.def)             Requested size: 305.64113pt x 420.57022pt.
Package babel Info: Redefining portuges shorthand "|
(babel)             in language  on input line 30.

Underfull \hbox (badness 1163) in paragraph at lines 32--33
\OT1/cmr/m/n/12 Para o pro-ces-sa-mento dos da-dos utilizou-se o c^^Sodigo es-c
rito pelo Pro-fes-sor
 []

<Figs/fluxograma_bensen2007.png, id=1160, 602.25pt x 578.16pt>
File: Figs/fluxograma_bensen2007.png Graphic file (type png)

<use Figs/fluxograma_bensen2007.png>
Package pdftex.def Info: Figs/fluxograma_bensen2007.png used on input line 38.
(pdftex.def)             Requested size: 301.12425pt x 289.07928pt.
Package babel Info: Redefining portuges shorthand "|
(babel)             in language  on input line 43.
Package babel Info: Redefining portuges shorthand "|
(babel)             in language  on input line 48.
Package babel Info: Redefining portuges shorthand "|
(babel)             in language  on input line 48.
 [40]
<Figs/temporal_norma.png, id=1182, 864.22874pt x 642.4pt>
File: Figs/temporal_norma.png Graphic file (type png)

<use Figs/temporal_norma.png>
Package pdftex.def Info: Figs/temporal_norma.png used on input line 53.
(pdftex.def)             Requested size: 345.68536pt x 256.95544pt.
Package babel Info: Redefining portuges shorthand "|
(babel)             in language  on input line 56.
Package babel Info: Redefining portuges shorthand "|
(babel)             in language  on input line 56.
 [41 <./Figs/shapiro2004.png>]
Package babel Info: Redefining portuges shorthand "|
(babel)             in language  on input line 60.
Package babel Info: Redefining portuges shorthand "|
(babel)             in language  on input line 65.
Package babel Info: Redefining portuges shorthand "|
(babel)             in language  on input line 65.
 [42 <./Figs/fluxograma_bensen2007.png>]
Package babel Info: Redefining portuges shorthand "|
(babel)             in language  on input line 67.

<Figs/correlaca_cruzada.png, id=1217, 1685.69775pt x 2168.1pt>
File: Figs/correlaca_cruzada.png Graphic file (type png)

<use Figs/correlaca_cruzada.png>
Package pdftex.def Info: Figs/correlaca_cruzada.png used on input line 73.
(pdftex.def)             Requested size: 337.13358pt x 433.61232pt.
Package babel Info: Redefining portuges shorthand "|
(babel)             in language  on input line 80.
Package babel Info: Redefining portuges shorthand "|
(babel)             in language  on input line 80.
 [43 <./Figs/temporal_norma.png>]
Package babel Info: Redefining portuges shorthand "|
(babel)             in language  on input line 82.
Package babel Info: Redefining portuges shorthand "|
(babel)             in language  on input line 82.
 [44 <./Figs/correlaca_cruzada.png>]
Package babel Info: Redefining portuges shorthand "|
(babel)             in language  on input line 83.
Package babel Info: Redefining portuges shorthand "|
(babel)             in language  on input line 110.
Package babel Info: Redefining portuges shorthand "|
(babel)             in language  on input line 110.
 [45]
Underfull \hbox (badness 1348) in paragraph at lines 111--112
[]\OT1/cmr/m/n/12 A an^^Salise frequ^encia-tempo ^^Se des-crita em duas eta-pas
 por []LEVSHIN e
 []

<Figs/correlacao_FTAN.png, id=1270, 1313.90875pt x 406.51875pt>
File: Figs/correlacao_FTAN.png Graphic file (type png)

<use Figs/correlacao_FTAN.png>
Package pdftex.def Info: Figs/correlacao_FTAN.png used on input line 125.
(pdftex.def)             Requested size: 459.87495pt x 142.28369pt.

Overfull \hbox (33.0836pt too wide) in paragraph at lines 125--126
 [][] 
 []

Package babel Info: Redefining portuges shorthand "|
(babel)             in language  on input line 132.
Package babel Info: Redefining portuges shorthand "|
(babel)             in language  on input line 135.
Package babel Info: Redefining portuges shorthand "|
(babel)             in language  on input line 135.
[46]
Package babel Info: Redefining portuges shorthand "|
(babel)             in language  on input line 139.
Package babel Info: Redefining portuges shorthand "|
(babel)             in language  on input line 139.
 [47 <./Figs/correlacao_FTAN.png>]
Package babel Info: Redefining portuges shorthand "|
(babel)             in language  on input line 140.
Package babel Info: Redefining portuges shorthand "|
(babel)             in language  on input line 172.
Package babel Info: Redefining portuges shorthand "|
(babel)             in language  on input line 172.
 [48]
Package babel Info: Redefining portuges shorthand "|
(babel)             in language  on input line 208.
Package babel Info: Redefining portuges shorthand "|
(babel)             in language  on input line 211.
Package babel Info: Redefining portuges shorthand "|
(babel)             in language  on input line 211.
 [49]
Package babel Info: Redefining portuges shorthand "|
(babel)             in language  on input line 214.

<Figs/corr_dado_bruto.png, id=1324, 624.23213pt x 836.52525pt>
File: Figs/corr_dado_bruto.png Graphic file (type png)

<use Figs/corr_dado_bruto.png>
Package pdftex.def Info: Figs/corr_dado_bruto.png used on input line 220.
(pdftex.def)             Requested size: 312.1153pt x 418.2616pt.
Package babel Info: Redefining portuges shorthand "|
(babel)             in language  on input line 226.
Package babel Info: Redefining portuges shorthand "|
(babel)             in language  on input line 226.
 [50]
<Figs/fonte_FTAN.png, id=1337, 505.89pt x 404.712pt>
File: Figs/fonte_FTAN.png Graphic file (type png)
 <use Figs/fonte_FTAN.png>
Package pdftex.def Info: Figs/fonte_FTAN.png used on input line 229.
(pdftex.def)             Requested size: 404.71254pt x 323.77003pt.
Package babel Info: Redefining portuges shorthand "|
(babel)             in language  on input line 235.
Package babel Info: Redefining portuges shorthand "|
(babel)             in language  on input line 235.

[51 <./Figs/corr_dado_bruto.png>]
<Figs/dist_FTAN.png, id=1349, 505.89pt x 404.712pt>
File: Figs/dist_FTAN.png Graphic file (type png)
 <use Figs/dist_FTAN.png>
Package pdftex.def Info: Figs/dist_FTAN.png used on input line 238.
(pdftex.def)             Requested size: 404.71254pt x 323.77003pt.
Package babel Info: Redefining portuges shorthand "|
(babel)             in language  on input line 241.
Package babel Info: Redefining portuges shorthand "|
(babel)             in language  on input line 241.

[52 <./Figs/fonte_FTAN.png>]
<Figs/corr_selecao.png, id=1355, 252.945pt x 216.81pt>
File: Figs/corr_selecao.png Graphic file (type png)

<use Figs/corr_selecao.png>
Package pdftex.def Info: Figs/corr_selecao.png used on input line 245.
(pdftex.def)             Requested size: 252.94438pt x 216.80946pt.
 <Figs/SNR.png, id=1357, 252.945pt x 216.81pt>
File: Figs/SNR.png Graphic file (type png)

<use Figs/SNR.png>
Package pdftex.def Info: Figs/SNR.png used on input line 254.
(pdftex.def)             Requested size: 252.94438pt x 216.80946pt.
Package babel Info: Redefining portuges shorthand "|
(babel)             in language  on input line 260.
Package babel Info: Redefining portuges shorthand "|
(babel)             in language  on input line 260.
 [53 <./Figs/dist_FTAN.png>]
<Figs/sensibilidade.png, id=1365, 216.81pt x 252.945pt>
File: Figs/sensibilidade.png Graphic file (type png)

<use Figs/sensibilidade.png>
Package pdftex.def Info: Figs/sensibilidade.png used on input line 263.
(pdftex.def)             Requested size: 216.80946pt x 252.94438pt.
Package babel Info: Redefining portuges shorthand "|
(babel)             in language  on input line 269.
Package babel Info: Redefining portuges shorthand "|
(babel)             in language  on input line 269.
 [54 <./Figs/corr_selecao.png> <./Figs/SNR.png>]
Package babel Info: Redefining portuges shorthand "|
(babel)             in language  on input line 276.
Package babel Info: Redefining portuges shorthand "|
(babel)             in language  on input line 276.

[55 <./Figs/sensibilidade.png>]
<Figs/mapa_tomografia.png, id=1396, 956.49345pt x 1090.19295pt>
File: Figs/mapa_tomografia.png Graphic file (type png)

<use Figs/mapa_tomografia.png>
Package pdftex.def Info: Figs/mapa_tomografia.png used on input line 282.
(pdftex.def)             Requested size: 430.41809pt x 490.58229pt.

Overfull \hbox (3.62674pt too wide) in paragraph at lines 282--283
 [][] 
 []

)
Package babel Info: Redefining portuges shorthand "|
(babel)             in language  on input line 56.
Package babel Info: Redefining portuges shorthand "|
(babel)             in language  on input line 56.
 [56]
Package babel Info: Redefining portuges shorthand "|
(babel)             in language  on input line 56.
Package babel Info: Redefining portuges shorthand "|
(babel)             in language  on input line 56.
 [57 <./Figs/mapa_tomografia.png>]
\openout2 = `tese_conclusao.aux'.

 (./tese_conclusao.tex
Cap\'{\i }tulo 6.
Package babel Info: Redefining portuges shorthand "|
(babel)             in language  on input line 1.
)
Package babel Info: Redefining portuges shorthand "|
(babel)             in language  on input line 57.
Package babel Info: Redefining portuges shorthand "|
(babel)             in language  on input line 57.
 [58



] (./thesis.bbl
Package babel Info: Redefining portuges shorthand "|
(babel)             in language  on input line 1.
LaTeX Font Info:    Try loading font information for OML+cmr on input line 13.
 (c:/texlive/2014/texmf-dist/tex/latex/base/omlcmr.fd
File: omlcmr.fd 2014/09/29 v2.5h Standard LaTeX font definitions
)
LaTeX Font Info:    Font shape `OML/cmr/m/n' in size <12> not available
(Font)              Font shape `OML/cmm/m/it' tried instead on input line 13.

Underfull \hbox (badness 2302) in paragraph at lines 23--28
[]\OT1/cmr/m/n/12 AMMON, C. J., 1997.  ``Re-cei-ver Func-tion Source Equa-li-za
-tion''. Web-
 []


Underfull \hbox (badness 1728) in paragraph at lines 61--69
[]\OT1/cmr/m/n/12 ASSUMP[][]AO, M., 2002, ``Crus-tal thick-nes-ses in SE Bra-zi
-lian Shi-eld by
 []


Underfull \hbox (badness 5417) in paragraph at lines 61--69
\OT1/cmr/m/n/12 re-cei-ver func-tion analy-sis: Im-pli-ca-ti-ons for isos-ta-ti
c com-pen-sa-
 []


Underfull \hbox (badness 2478) in paragraph at lines 61--69
\OT1/cmr/m/n/12 tion'', v. 107.  ISSN: 0148-0227.  doi: $10 . 1029 / 2001JB0004
22$.
 []


Underfull \hbox (badness 10000) in paragraph at lines 61--69
\OT1/cmr/m/n/12 Dis-pon^^S^^Pvel em: \OML/cmm/m/it/12 <[]$\OT1/cmtt/m/n/12 http
 : / / libra . msra . cn / Publication / 5115166 /
 []


Overfull \hbox (193.06155pt too wide) in paragraph at lines 61--69
\OT1/cmtt/m/n/12 crustal-[]thicknesses-[]in-[]se-[]brazilian-[]shield-[]by-[]re
ceiver-[]function-[]analysis-[]implications-[]for$[]\OML/cmm/m/it/12 >\OT1/cmr/
m/n/12 . 
 []

Package babel Info: Redefining portuges shorthand "|
(babel)             in language  on input line 80.
Package babel Info: Redefining portuges shorthand "|
(babel)             in language  on input line 80.
[59



]
Package babel Info: Redefining portuges shorthand "|
(babel)             in language  on input line 160.
Package babel Info: Redefining portuges shorthand "|
(babel)             in language  on input line 160.
 [60]
Underfull \hbox (badness 5064) in paragraph at lines 172--180
\OT1/cmr/m/n/12 em: \OML/cmm/m/it/12 <[]$\OT1/cmtt/m/n/12 http : / / www . iag 
. usp . br / pos / geofisica / portugues / artigo /
 []


Overfull \hbox (87.0865pt too wide) in paragraph at lines 172--180
\OT1/cmtt/m/n/12 crustal-[]structure-[]ribeira-[]fold-[]belt-[]se-[]brazil-[]de
rived-[]receiver-[]functions$[]\OML/cmm/m/it/12 >\OT1/cmr/m/n/12 . 
 []

Package babel Info: Redefining portuges shorthand "|
(babel)             in language  on input line 241.
Package babel Info: Redefining portuges shorthand "|
(babel)             in language  on input line 241.
[61]
Underfull \hbox (badness 1721) in paragraph at lines 288--297
\OT1/cmr/m/n/12 Ba-sel, pp. 1531--1545.  ISBN: 978-3-7643-6551-6, 978-3-0348-82
64-
 []

Package babel Info: Redefining portuges shorthand "|
(babel)             in language  on input line 313.
Package babel Info: Redefining portuges shorthand "|
(babel)             in language  on input line 313.
[62]
Package babel Info: Redefining portuges shorthand "|
(babel)             in language  on input line 387.
Package babel Info: Redefining portuges shorthand "|
(babel)             in language  on input line 387.
 [63]
Underfull \hbox (badness 2547) in paragraph at lines 443--451
\OT1/cmr/m/n/12 belt and the cen-tral Ri-beira belt, SE Bra-zil'', v. 48, pp. 4
3--
 []


Underfull \hbox (badness 2080) in paragraph at lines 443--451
\OT1/cmr/m/n/12 57.  ISSN: 08959811.  doi: $10 . 1016 / j . jsames . 2013 . 07 
. 012$.  Dis-
 []


Underfull \hbox (badness 1270) in paragraph at lines 455--464
\OT1/cmr/m/n/12 428.  ISSN: 0895-9811.  doi: $10 . 1016 / j . jsames . 2011 . 0
3 . 003$.  Dis-
 []

Package babel Info: Redefining portuges shorthand "|
(babel)             in language  on input line 464.
Package babel Info: Redefining portuges shorthand "|
(babel)             in language  on input line 464.
[64]
Underfull \hbox (badness 1708) in paragraph at lines 467--475
\OT1/cmr/m/n/12 ri-ved Moho for South Ame-rica'', \OT1/cmr/m/it/12 Tec-to-nophy
-sics\OT1/cmr/m/n/12 , v. 609 (dez.), 
 []

)
Package babel Info: Redefining portuges shorthand "|
(babel)             in language  on input line 65.
Package babel Info: Redefining portuges shorthand "|
(babel)             in language  on input line 65.
 [65]
\openout2 = `tese_anexoA.aux'.

 (./tese_anexoA.tex
Package babel Info: Redefining portuges shorthand "|
(babel)             in language  on input line 2.
)
Package babel Info: Redefining portuges shorthand "|
(babel)             in language  on input line 66.
Package babel Info: Redefining portuges shorthand "|
(babel)             in language  on input line 66.
 [66



]
Package babel Info: Redefining portuges shorthand "|
(babel)             in language  on input line 66.
Package babel Info: Redefining portuges shorthand "|
(babel)             in language  on input line 66.
 [67]
\openout2 = `tese_anexoB.aux'.

 (./tese_anexoB.tex
Package babel Info: Redefining portuges shorthand "|
(babel)             in language  on input line 2.
)
Package babel Info: Redefining portuges shorthand "|
(babel)             in language  on input line 69.
Package babel Info: Redefining portuges shorthand "|
(babel)             in language  on input line 69.
 [68





]
Package babel Info: Redefining portuges shorthand "|
(babel)             in language  on input line 69.
Package babel Info: Redefining portuges shorthand "|
(babel)             in language  on input line 69.
 [69]
\openout2 = `tese_anexoC.aux'.


(./tese_anexoC.tex
Package babel Info: Redefining portuges shorthand "|
(babel)             in language  on input line 2.
)
Package babel Info: Redefining portuges shorthand "|
(babel)             in language  on input line 72.
Package babel Info: Redefining portuges shorthand "|
(babel)             in language  on input line 72.
 [70





]
Package babel Info: Redefining portuges shorthand "|
(babel)             in language  on input line 72.
Package babel Info: Redefining portuges shorthand "|
(babel)             in language  on input line 72.
 [71] 
AED: lastpage setting LastPage
Package babel Info: Redefining portuges shorthand "|
(babel)             in language  on input line 74.
Package atveryend Info: Empty hook `BeforeClearDocument' on input line 74.
Package atveryend Info: Empty hook `AfterLastShipout' on input line 74.
(./thesis.aux (./tese_dedicatoria.aux) (./tese_agradecimentos.aux)
(./tese_resumo.aux) (./tese_abstract.aux) (./tese_introducao.aux)
(./tese_contextogeologico.aux) (./tese_dados.aux) (./tese_FR.aux)
(./tese_correlacao.aux) (./tese_conclusao.aux) (./tese_anexoA.aux)
(./tese_anexoB.aux) (./tese_anexoC.aux))
Package atveryend Info: Executing hook `AtVeryEndDocument' on input line 74.
Package atveryend Info: Executing hook `AtEndAfterFileList' on input line 74.
Package rerunfilecheck Info: File `thesis.out' has not changed.
(rerunfilecheck)             Checksum: BB61BF96699151C214E482C2EF5C08DA;2507.
Package atveryend Info: Empty hook `AtVeryVeryEnd' on input line 74.
 ) 
Here is how much of TeX's memory you used:
 8973 strings out of 493109
 130961 string characters out of 6138587
 272745 words of memory out of 5000000
 11892 multiletter control sequences out of 15000+600000
 14480 words of font info for 56 fonts, out of 8000000 for 9000
 1141 hyphenation exceptions out of 8191
 35i,15n,35p,1980b,563s stack positions out of 5000i,500n,10000p,200000b,80000s
<c:/texlive/2014/texmf-dist/fonts/type1/public/amsfonts/cm/cmbx10.pfb><c:/tex
live/2014/texmf-dist/fonts/type1/public/amsfonts/cm/cmbx12.pfb><c:/texlive/2014
/texmf-dist/fonts/type1/public/amsfonts/cm/cmex10.pfb><c:/texlive/2014/texmf-di
st/fonts/type1/public/amsfonts/cm/cmmi10.pfb><c:/texlive/2014/texmf-dist/fonts/
type1/public/amsfonts/cm/cmmi12.pfb><c:/texlive/2014/texmf-dist/fonts/type1/pub
lic/amsfonts/cm/cmmi6.pfb><c:/texlive/2014/texmf-dist/fonts/type1/public/amsfon
ts/cm/cmmi8.pfb><c:/texlive/2014/texmf-dist/fonts/type1/public/amsfonts/cm/cmr1
0.pfb><c:/texlive/2014/texmf-dist/fonts/type1/public/amsfonts/cm/cmr12.pfb><c:/
texlive/2014/texmf-dist/fonts/type1/public/amsfonts/cm/cmr6.pfb><c:/texlive/201
4/texmf-dist/fonts/type1/public/amsfonts/cm/cmr7.pfb><c:/texlive/2014/texmf-dis
t/fonts/type1/public/amsfonts/cm/cmr8.pfb><c:/texlive/2014/texmf-dist/fonts/typ
e1/public/amsfonts/cm/cmsy10.pfb><c:/texlive/2014/texmf-dist/fonts/type1/public
/amsfonts/cm/cmsy6.pfb><c:/texlive/2014/texmf-dist/fonts/type1/public/amsfonts/
cm/cmsy8.pfb><c:/texlive/2014/texmf-dist/fonts/type1/public/amsfonts/cm/cmti12.
pfb><c:/texlive/2014/texmf-dist/fonts/type1/public/amsfonts/cm/cmtt12.pfb>
Output written on thesis.pdf (84 pages, 16173429 bytes).
PDF statistics:
 1650 PDF objects out of 1728 (max. 8388607)
 1419 compressed objects within 15 object streams
 244 named destinations out of 1000 (max. 500000)
 481 words of extra memory for PDF output out of 10000 (max. 10000000)

