This is pdfTeX, Version 3.1415926-2.5-1.40.14 (TeX Live 2013/Debian) (format=pdflatex 2014.8.21)  15 MAY 2015 15:58
entering extended mode
 restricted \write18 enabled.
 %&-line parsing enabled.
**thesis.tex
(./thesis.tex
LaTeX2e <2011/06/27>
Babel <3.9h> and hyphenation patterns for 5 languages loaded.
(./on.cls
Document Class: on 2011/02/08\ v2.2\ ON Dissertations and Thesis
(/usr/share/texlive/texmf-dist/tex/latex/base/book.cls
Document Class: book 2007/10/19 v1.4h Standard LaTeX document class
(/usr/share/texlive/texmf-dist/tex/latex/base/bk12.clo
File: bk12.clo 2007/10/19 v1.4h Standard LaTeX file (size option)
)
\c@part=\count79
\c@chapter=\count80
\c@section=\count81
\c@subsection=\count82
\c@subsubsection=\count83
\c@paragraph=\count84
\c@subparagraph=\count85
\c@figure=\count86
\c@table=\count87
\abovecaptionskip=\skip41
\belowcaptionskip=\skip42
\bibindent=\dimen102
)
(/usr/share/texlive/texmf-dist/tex/latex/natbib/natbib.sty
Package: natbib 2010/09/13 8.31b (PWD, AO)
\bibhang=\skip43
\bibsep=\skip44
LaTeX Info: Redefining \cite on input line 694.
\c@NAT@ctr=\count88
)
(/usr/share/texlive/texmf-dist/tex/latex/hyphenat/hyphenat.sty
Package: hyphenat 2009/09/02 v2.3c hyphenation utilities
\langwohyphens=\language6
LaTeX Info: Redefining \_ on input line 43.
)
(/usr/share/texlive/texmf-dist/tex/latex/lastpage/lastpage.sty
Package: lastpage 2013/01/28 v1.2l Refers to last page's name (HMM; JPG)
)
(/usr/share/texlive/texmf-dist/tex/generic/babel/babel.sty
Package: babel 2013/12/03 3.9h The Babel package

(/usr/share/texlive/texmf-dist/tex/generic/babel-english/english.ldf
Language: english 2012/08/20 v3.3p English support from the babel system

(/usr/share/texlive/texmf-dist/tex/generic/babel/babel.def
File: babel.def 2013/12/03 3.9h Babel common definitions
\babel@savecnt=\count89
\U@D=\dimen103
)
\l@canadian = a dialect from \language\l@american 
\l@australian = a dialect from \language\l@british 
\l@newzealand = a dialect from \language\l@british 
)
(/usr/share/texlive/texmf-dist/tex/generic/babel-portuges/portuges.ldf
Language: portuges 2008/03/18 v1.2q Portuguese support from the babel system
\l@brazil = a dialect from \language\l@portuges 
Package babel Info: Making " an active character on input line 145.
))
(/usr/share/texlive/texmf-dist/tex/latex/base/ifthen.sty
Package: ifthen 2001/05/26 v1.1c Standard LaTeX ifthen package (DPC)
)
(/usr/share/texlive/texmf-dist/tex/latex/graphics/graphicx.sty
Package: graphicx 1999/02/16 v1.0f Enhanced LaTeX Graphics (DPC,SPQR)

(/usr/share/texlive/texmf-dist/tex/latex/graphics/keyval.sty
Package: keyval 1999/03/16 v1.13 key=value parser (DPC)
\KV@toks@=\toks14
)
(/usr/share/texlive/texmf-dist/tex/latex/graphics/graphics.sty
Package: graphics 2009/02/05 v1.0o Standard LaTeX Graphics (DPC,SPQR)

(/usr/share/texlive/texmf-dist/tex/latex/graphics/trig.sty
Package: trig 1999/03/16 v1.09 sin cos tan (DPC)
)
(/usr/share/texlive/texmf-dist/tex/latex/latexconfig/graphics.cfg
File: graphics.cfg 2010/04/23 v1.9 graphics configuration of TeX Live
)
Package graphics Info: Driver file: pdftex.def on input line 91.

(/usr/share/texlive/texmf-dist/tex/latex/pdftex-def/pdftex.def
File: pdftex.def 2011/05/27 v0.06d Graphics/color for pdfTeX

(/usr/share/texlive/texmf-dist/tex/generic/oberdiek/infwarerr.sty
Package: infwarerr 2010/04/08 v1.3 Providing info/warning/error messages (HO)
)
(/usr/share/texlive/texmf-dist/tex/generic/oberdiek/ltxcmds.sty
Package: ltxcmds 2011/11/09 v1.22 LaTeX kernel commands for general use (HO)
)
\Gread@gobject=\count90
))
\Gin@req@height=\dimen104
\Gin@req@width=\dimen105
)
(/usr/share/texlive/texmf-dist/tex/latex/setspace/setspace.sty
Package: setspace 2011/12/19 v6.7a set line spacing
)
(/usr/share/texlive/texmf-dist/tex/latex/tools/tabularx.sty
Package: tabularx 1999/01/07 v2.07 `tabularx' package (DPC)

(/usr/share/texlive/texmf-dist/tex/latex/tools/array.sty
Package: array 2008/09/09 v2.4c Tabular extension package (FMi)
\col@sep=\dimen106
\extrarowheight=\dimen107
\NC@list=\toks15
\extratabsurround=\skip45
\backup@length=\skip46
)
\TX@col@width=\dimen108
\TX@old@table=\dimen109
\TX@old@col=\dimen110
\TX@target=\dimen111
\TX@delta=\dimen112
\TX@cols=\count91
\TX@ftn=\toks16
)
(/usr/share/texlive/texmf-dist/tex/latex/eqparbox/eqparbox.sty
Package: eqparbox 2013/03/15 v4.0 Create equal-widthed boxes
\eqp@tempdima=\skip47
\eqp@tempdimb=\skip48
\eqp@tabular@box=\box26
\eqp@list@box=\box27
\eqp@list@indent=\skip49

(/usr/share/texlive/texmf-dist/tex/latex/environ/environ.sty
Package: environ 2013/04/01 v0.3 A new environment syntax

(/usr/share/texlive/texmf-dist/tex/latex/trimspaces/trimspaces.sty
Package: trimspaces 2009/09/17 v1.1 Trim spaces around a token list
)
\@envbody=\toks17
))
(/usr/share/texlive/texmf-dist/tex/latex/geometry/geometry.sty
Package: geometry 2010/09/12 v5.6 Page Geometry

(/usr/share/texlive/texmf-dist/tex/generic/oberdiek/ifpdf.sty
Package: ifpdf 2011/01/30 v2.3 Provides the ifpdf switch (HO)
Package ifpdf Info: pdfTeX in PDF mode is detected.
)
(/usr/share/texlive/texmf-dist/tex/generic/oberdiek/ifvtex.sty
Package: ifvtex 2010/03/01 v1.5 Detect VTeX and its facilities (HO)
Package ifvtex Info: VTeX not detected.
)
(/usr/share/texlive/texmf-dist/tex/generic/ifxetex/ifxetex.sty
Package: ifxetex 2010/09/12 v0.6 Provides ifxetex conditional
)
\Gm@cnth=\count92
\Gm@cntv=\count93
\c@Gm@tempcnt=\count94
\Gm@bindingoffset=\dimen113
\Gm@wd@mp=\dimen114
\Gm@odd@mp=\dimen115
\Gm@even@mp=\dimen116
\Gm@layoutwidth=\dimen117
\Gm@layoutheight=\dimen118
\Gm@layouthoffset=\dimen119
\Gm@layoutvoffset=\dimen120
\Gm@dimlist=\toks18
)
\@coadvisor=\count95
\@examiner=\count96
\c@keywords=\count97
\bibindent=\dimen121
)
(/usr/share/texlive/texmf-dist/tex/latex/base/inputenc.sty
Package: inputenc 2008/03/30 v1.1d Input encoding file
\inpenc@prehook=\toks19
\inpenc@posthook=\toks20

(/usr/share/texlive/texmf-dist/tex/latex/base/utf8.def
File: utf8.def 2008/04/05 v1.1m UTF-8 support for inputenc
Now handling font encoding OML ...
... no UTF-8 mapping file for font encoding OML
Now handling font encoding T1 ...
... processing UTF-8 mapping file for font encoding T1

(/usr/share/texlive/texmf-dist/tex/latex/base/t1enc.dfu
File: t1enc.dfu 2008/04/05 v1.1m UTF-8 support for inputenc
   defining Unicode char U+00A1 (decimal 161)
   defining Unicode char U+00A3 (decimal 163)
   defining Unicode char U+00AB (decimal 171)
   defining Unicode char U+00BB (decimal 187)
   defining Unicode char U+00BF (decimal 191)
   defining Unicode char U+00C0 (decimal 192)
   defining Unicode char U+00C1 (decimal 193)
   defining Unicode char U+00C2 (decimal 194)
   defining Unicode char U+00C3 (decimal 195)
   defining Unicode char U+00C4 (decimal 196)
   defining Unicode char U+00C5 (decimal 197)
   defining Unicode char U+00C6 (decimal 198)
   defining Unicode char U+00C7 (decimal 199)
   defining Unicode char U+00C8 (decimal 200)
   defining Unicode char U+00C9 (decimal 201)
   defining Unicode char U+00CA (decimal 202)
   defining Unicode char U+00CB (decimal 203)
   defining Unicode char U+00CC (decimal 204)
   defining Unicode char U+00CD (decimal 205)
   defining Unicode char U+00CE (decimal 206)
   defining Unicode char U+00CF (decimal 207)
   defining Unicode char U+00D0 (decimal 208)
   defining Unicode char U+00D1 (decimal 209)
   defining Unicode char U+00D2 (decimal 210)
   defining Unicode char U+00D3 (decimal 211)
   defining Unicode char U+00D4 (decimal 212)
   defining Unicode char U+00D5 (decimal 213)
   defining Unicode char U+00D6 (decimal 214)
   defining Unicode char U+00D8 (decimal 216)
   defining Unicode char U+00D9 (decimal 217)
   defining Unicode char U+00DA (decimal 218)
   defining Unicode char U+00DB (decimal 219)
   defining Unicode char U+00DC (decimal 220)
   defining Unicode char U+00DD (decimal 221)
   defining Unicode char U+00DE (decimal 222)
   defining Unicode char U+00DF (decimal 223)
   defining Unicode char U+00E0 (decimal 224)
   defining Unicode char U+00E1 (decimal 225)
   defining Unicode char U+00E2 (decimal 226)
   defining Unicode char U+00E3 (decimal 227)
   defining Unicode char U+00E4 (decimal 228)
   defining Unicode char U+00E5 (decimal 229)
   defining Unicode char U+00E6 (decimal 230)
   defining Unicode char U+00E7 (decimal 231)
   defining Unicode char U+00E8 (decimal 232)
   defining Unicode char U+00E9 (decimal 233)
   defining Unicode char U+00EA (decimal 234)
   defining Unicode char U+00EB (decimal 235)
   defining Unicode char U+00EC (decimal 236)
   defining Unicode char U+00ED (decimal 237)
   defining Unicode char U+00EE (decimal 238)
   defining Unicode char U+00EF (decimal 239)
   defining Unicode char U+00F0 (decimal 240)
   defining Unicode char U+00F1 (decimal 241)
   defining Unicode char U+00F2 (decimal 242)
   defining Unicode char U+00F3 (decimal 243)
   defining Unicode char U+00F4 (decimal 244)
   defining Unicode char U+00F5 (decimal 245)
   defining Unicode char U+00F6 (decimal 246)
   defining Unicode char U+00F8 (decimal 248)
   defining Unicode char U+00F9 (decimal 249)
   defining Unicode char U+00FA (decimal 250)
   defining Unicode char U+00FB (decimal 251)
   defining Unicode char U+00FC (decimal 252)
   defining Unicode char U+00FD (decimal 253)
   defining Unicode char U+00FE (decimal 254)
   defining Unicode char U+00FF (decimal 255)
   defining Unicode char U+0102 (decimal 258)
   defining Unicode char U+0103 (decimal 259)
   defining Unicode char U+0104 (decimal 260)
   defining Unicode char U+0105 (decimal 261)
   defining Unicode char U+0106 (decimal 262)
   defining Unicode char U+0107 (decimal 263)
   defining Unicode char U+010C (decimal 268)
   defining Unicode char U+010D (decimal 269)
   defining Unicode char U+010E (decimal 270)
   defining Unicode char U+010F (decimal 271)
   defining Unicode char U+0110 (decimal 272)
   defining Unicode char U+0111 (decimal 273)
   defining Unicode char U+0118 (decimal 280)
   defining Unicode char U+0119 (decimal 281)
   defining Unicode char U+011A (decimal 282)
   defining Unicode char U+011B (decimal 283)
   defining Unicode char U+011E (decimal 286)
   defining Unicode char U+011F (decimal 287)
   defining Unicode char U+0130 (decimal 304)
   defining Unicode char U+0131 (decimal 305)
   defining Unicode char U+0132 (decimal 306)
   defining Unicode char U+0133 (decimal 307)
   defining Unicode char U+0139 (decimal 313)
   defining Unicode char U+013A (decimal 314)
   defining Unicode char U+013D (decimal 317)
   defining Unicode char U+013E (decimal 318)
   defining Unicode char U+0141 (decimal 321)
   defining Unicode char U+0142 (decimal 322)
   defining Unicode char U+0143 (decimal 323)
   defining Unicode char U+0144 (decimal 324)
   defining Unicode char U+0147 (decimal 327)
   defining Unicode char U+0148 (decimal 328)
   defining Unicode char U+014A (decimal 330)
   defining Unicode char U+014B (decimal 331)
   defining Unicode char U+0150 (decimal 336)
   defining Unicode char U+0151 (decimal 337)
   defining Unicode char U+0152 (decimal 338)
   defining Unicode char U+0153 (decimal 339)
   defining Unicode char U+0154 (decimal 340)
   defining Unicode char U+0155 (decimal 341)
   defining Unicode char U+0158 (decimal 344)
   defining Unicode char U+0159 (decimal 345)
   defining Unicode char U+015A (decimal 346)
   defining Unicode char U+015B (decimal 347)
   defining Unicode char U+015E (decimal 350)
   defining Unicode char U+015F (decimal 351)
   defining Unicode char U+0160 (decimal 352)
   defining Unicode char U+0161 (decimal 353)
   defining Unicode char U+0162 (decimal 354)
   defining Unicode char U+0163 (decimal 355)
   defining Unicode char U+0164 (decimal 356)
   defining Unicode char U+0165 (decimal 357)
   defining Unicode char U+016E (decimal 366)
   defining Unicode char U+016F (decimal 367)
   defining Unicode char U+0170 (decimal 368)
   defining Unicode char U+0171 (decimal 369)
   defining Unicode char U+0178 (decimal 376)
   defining Unicode char U+0179 (decimal 377)
   defining Unicode char U+017A (decimal 378)
   defining Unicode char U+017B (decimal 379)
   defining Unicode char U+017C (decimal 380)
   defining Unicode char U+017D (decimal 381)
   defining Unicode char U+017E (decimal 382)
   defining Unicode char U+200C (decimal 8204)
   defining Unicode char U+2013 (decimal 8211)
   defining Unicode char U+2014 (decimal 8212)
   defining Unicode char U+2018 (decimal 8216)
   defining Unicode char U+2019 (decimal 8217)
   defining Unicode char U+201A (decimal 8218)
   defining Unicode char U+201C (decimal 8220)
   defining Unicode char U+201D (decimal 8221)
   defining Unicode char U+201E (decimal 8222)
   defining Unicode char U+2030 (decimal 8240)
   defining Unicode char U+2031 (decimal 8241)
   defining Unicode char U+2039 (decimal 8249)
   defining Unicode char U+203A (decimal 8250)
   defining Unicode char U+2423 (decimal 9251)
)
Now handling font encoding OT1 ...
... processing UTF-8 mapping file for font encoding OT1

(/usr/share/texlive/texmf-dist/tex/latex/base/ot1enc.dfu
File: ot1enc.dfu 2008/04/05 v1.1m UTF-8 support for inputenc
   defining Unicode char U+00A1 (decimal 161)
   defining Unicode char U+00A3 (decimal 163)
   defining Unicode char U+00B8 (decimal 184)
   defining Unicode char U+00BF (decimal 191)
   defining Unicode char U+00C5 (decimal 197)
   defining Unicode char U+00C6 (decimal 198)
   defining Unicode char U+00D8 (decimal 216)
   defining Unicode char U+00DF (decimal 223)
   defining Unicode char U+00E6 (decimal 230)
   defining Unicode char U+00EC (decimal 236)
   defining Unicode char U+00ED (decimal 237)
   defining Unicode char U+00EE (decimal 238)
   defining Unicode char U+00EF (decimal 239)
   defining Unicode char U+00F8 (decimal 248)
   defining Unicode char U+0131 (decimal 305)
   defining Unicode char U+0141 (decimal 321)
   defining Unicode char U+0142 (decimal 322)
   defining Unicode char U+0152 (decimal 338)
   defining Unicode char U+0153 (decimal 339)
   defining Unicode char U+2013 (decimal 8211)
   defining Unicode char U+2014 (decimal 8212)
   defining Unicode char U+2018 (decimal 8216)
   defining Unicode char U+2019 (decimal 8217)
   defining Unicode char U+201C (decimal 8220)
   defining Unicode char U+201D (decimal 8221)
)
Now handling font encoding OMS ...
... processing UTF-8 mapping file for font encoding OMS

(/usr/share/texlive/texmf-dist/tex/latex/base/omsenc.dfu
File: omsenc.dfu 2008/04/05 v1.1m UTF-8 support for inputenc
   defining Unicode char U+00A7 (decimal 167)
   defining Unicode char U+00B6 (decimal 182)
   defining Unicode char U+00B7 (decimal 183)
   defining Unicode char U+2020 (decimal 8224)
   defining Unicode char U+2021 (decimal 8225)
   defining Unicode char U+2022 (decimal 8226)
)
Now handling font encoding OMX ...
... no UTF-8 mapping file for font encoding OMX
Now handling font encoding U ...
... no UTF-8 mapping file for font encoding U
   defining Unicode char U+00A9 (decimal 169)
   defining Unicode char U+00AA (decimal 170)
   defining Unicode char U+00AE (decimal 174)
   defining Unicode char U+00BA (decimal 186)
   defining Unicode char U+02C6 (decimal 710)
   defining Unicode char U+02DC (decimal 732)
   defining Unicode char U+200C (decimal 8204)
   defining Unicode char U+2026 (decimal 8230)
   defining Unicode char U+2122 (decimal 8482)
   defining Unicode char U+2423 (decimal 9251)
))
(/usr/share/texlive/texmf-dist/tex/latex/amsmath/amsmath.sty
Package: amsmath 2013/01/14 v2.14 AMS math features
\@mathmargin=\skip50

For additional information on amsmath, use the `?' option.
(/usr/share/texlive/texmf-dist/tex/latex/amsmath/amstext.sty
Package: amstext 2000/06/29 v2.01

(/usr/share/texlive/texmf-dist/tex/latex/amsmath/amsgen.sty
File: amsgen.sty 1999/11/30 v2.0
\@emptytoks=\toks21
\ex@=\dimen122
))
(/usr/share/texlive/texmf-dist/tex/latex/amsmath/amsbsy.sty
Package: amsbsy 1999/11/29 v1.2d
\pmbraise@=\dimen123
)
(/usr/share/texlive/texmf-dist/tex/latex/amsmath/amsopn.sty
Package: amsopn 1999/12/14 v2.01 operator names
)
\inf@bad=\count98
LaTeX Info: Redefining \frac on input line 210.
\uproot@=\count99
\leftroot@=\count100
LaTeX Info: Redefining \overline on input line 306.
\classnum@=\count101
\DOTSCASE@=\count102
LaTeX Info: Redefining \ldots on input line 378.
LaTeX Info: Redefining \dots on input line 381.
LaTeX Info: Redefining \cdots on input line 466.
\Mathstrutbox@=\box28
\strutbox@=\box29
\big@size=\dimen124
LaTeX Font Info:    Redeclaring font encoding OML on input line 566.
LaTeX Font Info:    Redeclaring font encoding OMS on input line 567.
\macc@depth=\count103
\c@MaxMatrixCols=\count104
\dotsspace@=\muskip10
\c@parentequation=\count105
\dspbrk@lvl=\count106
\tag@help=\toks22
\row@=\count107
\column@=\count108
\maxfields@=\count109
\andhelp@=\toks23
\eqnshift@=\dimen125
\alignsep@=\dimen126
\tagshift@=\dimen127
\tagwidth@=\dimen128
\totwidth@=\dimen129
\lineht@=\dimen130
\@envbody=\toks24
\multlinegap=\skip51
\multlinetaggap=\skip52
\mathdisplay@stack=\toks25
LaTeX Info: Redefining \[ on input line 2665.
LaTeX Info: Redefining \] on input line 2666.
)
(/usr/share/texlive/texmf-dist/tex/latex/amsfonts/amssymb.sty
Package: amssymb 2013/01/14 v3.01 AMS font symbols

(/usr/share/texlive/texmf-dist/tex/latex/amsfonts/amsfonts.sty
Package: amsfonts 2013/01/14 v3.01 Basic AMSFonts support
\symAMSa=\mathgroup4
\symAMSb=\mathgroup5
LaTeX Font Info:    Overwriting math alphabet `\mathfrak' in version `bold'
(Font)                  U/euf/m/n --> U/euf/b/n on input line 106.
))
(/usr/share/texlive/texmf-dist/tex/latex/hyperref/hyperref.sty
Package: hyperref 2012/11/06 v6.83m Hypertext links for LaTeX

(/usr/share/texlive/texmf-dist/tex/generic/oberdiek/hobsub-hyperref.sty
Package: hobsub-hyperref 2012/05/28 v1.13 Bundle oberdiek, subset hyperref (HO)


(/usr/share/texlive/texmf-dist/tex/generic/oberdiek/hobsub-generic.sty
Package: hobsub-generic 2012/05/28 v1.13 Bundle oberdiek, subset generic (HO)
Package: hobsub 2012/05/28 v1.13 Construct package bundles (HO)
Package hobsub Info: Skipping package `infwarerr' (already loaded).
Package hobsub Info: Skipping package `ltxcmds' (already loaded).
Package: ifluatex 2010/03/01 v1.3 Provides the ifluatex switch (HO)
Package ifluatex Info: LuaTeX not detected.
Package hobsub Info: Skipping package `ifvtex' (already loaded).
Package: intcalc 2007/09/27 v1.1 Expandable calculations with integers (HO)
Package hobsub Info: Skipping package `ifpdf' (already loaded).
Package: etexcmds 2011/02/16 v1.5 Avoid name clashes with e-TeX commands (HO)
Package etexcmds Info: Could not find \expanded.
(etexcmds)             That can mean that you are not using pdfTeX 1.50 or
(etexcmds)             that some package has redefined \expanded.
(etexcmds)             In the latter case, load this package earlier.
Package: kvsetkeys 2012/04/25 v1.16 Key value parser (HO)
Package: kvdefinekeys 2011/04/07 v1.3 Define keys (HO)
Package: pdftexcmds 2011/11/29 v0.20 Utility functions of pdfTeX for LuaTeX (HO
)
Package pdftexcmds Info: LuaTeX not detected.
Package pdftexcmds Info: \pdf@primitive is available.
Package pdftexcmds Info: \pdf@ifprimitive is available.
Package pdftexcmds Info: \pdfdraftmode found.
Package: pdfescape 2011/11/25 v1.13 Implements pdfTeX's escape features (HO)
Package: bigintcalc 2012/04/08 v1.3 Expandable calculations on big integers (HO
)
Package: bitset 2011/01/30 v1.1 Handle bit-vector datatype (HO)
Package: uniquecounter 2011/01/30 v1.2 Provide unlimited unique counter (HO)
)
Package hobsub Info: Skipping package `hobsub' (already loaded).
Package: letltxmacro 2010/09/02 v1.4 Let assignment for LaTeX macros (HO)
Package: hopatch 2012/05/28 v1.2 Wrapper for package hooks (HO)
Package: xcolor-patch 2011/01/30 xcolor patch
Package: atveryend 2011/06/30 v1.8 Hooks at the very end of document (HO)
Package atveryend Info: \enddocument detected (standard20110627).
Package: atbegshi 2011/10/05 v1.16 At begin shipout hook (HO)
Package: refcount 2011/10/16 v3.4 Data extraction from label references (HO)
Package: hycolor 2011/01/30 v1.7 Color options for hyperref/bookmark (HO)
)
(/usr/share/texlive/texmf-dist/tex/latex/oberdiek/auxhook.sty
Package: auxhook 2011/03/04 v1.3 Hooks for auxiliary files (HO)
)
(/usr/share/texlive/texmf-dist/tex/latex/oberdiek/kvoptions.sty
Package: kvoptions 2011/06/30 v3.11 Key value format for package options (HO)
)
\@linkdim=\dimen131
\Hy@linkcounter=\count110
\Hy@pagecounter=\count111

(/usr/share/texlive/texmf-dist/tex/latex/hyperref/pd1enc.def
File: pd1enc.def 2012/11/06 v6.83m Hyperref: PDFDocEncoding definition (HO)
Now handling font encoding PD1 ...
... no UTF-8 mapping file for font encoding PD1
)
\Hy@SavedSpaceFactor=\count112

(/usr/share/texlive/texmf-dist/tex/latex/latexconfig/hyperref.cfg
File: hyperref.cfg 2002/06/06 v1.2 hyperref configuration of TeXLive
)
Package hyperref Info: Hyper figures OFF on input line 4443.
Package hyperref Info: Link nesting OFF on input line 4448.
Package hyperref Info: Hyper index ON on input line 4451.
Package hyperref Info: Plain pages OFF on input line 4458.
Package hyperref Info: Backreferencing OFF on input line 4463.
Package hyperref Info: Implicit mode ON; LaTeX internals redefined.
Package hyperref Info: Bookmarks ON on input line 4688.
\c@Hy@tempcnt=\count113

(/usr/share/texlive/texmf-dist/tex/latex/url/url.sty
\Urlmuskip=\muskip11
Package: url 2013/09/16  ver 3.4  Verb mode for urls, etc.
)
LaTeX Info: Redefining \url on input line 5041.
\XeTeXLinkMargin=\dimen132
\Fld@menulength=\count114
\Field@Width=\dimen133
\Fld@charsize=\dimen134
Package hyperref Info: Hyper figures OFF on input line 6295.
Package hyperref Info: Link nesting OFF on input line 6300.
Package hyperref Info: Hyper index ON on input line 6303.
Package hyperref Info: backreferencing OFF on input line 6310.
Package hyperref Info: Link coloring OFF on input line 6315.
Package hyperref Info: Link coloring with OCG OFF on input line 6320.
Package hyperref Info: PDF/A mode OFF on input line 6325.
LaTeX Info: Redefining \ref on input line 6365.
LaTeX Info: Redefining \pageref on input line 6369.
\Hy@abspage=\count115
\c@Item=\count116
\c@Hfootnote=\count117
)

Package hyperref Message: Driver (autodetected): hpdftex.

(/usr/share/texlive/texmf-dist/tex/latex/hyperref/hpdftex.def
File: hpdftex.def 2012/11/06 v6.83m Hyperref driver for pdfTeX
\Fld@listcount=\count118
\c@bookmark@seq@number=\count119

(/usr/share/texlive/texmf-dist/tex/latex/oberdiek/rerunfilecheck.sty
Package: rerunfilecheck 2011/04/15 v1.7 Rerun checks for auxiliary files (HO)
Package uniquecounter Info: New unique counter `rerunfilecheck' on input line 2
82.
)
\Hy@SectionHShift=\skip53
)
(/usr/share/texlive/texmf-dist/tex/latex/mdwtools/footnote.sty
Package: footnote 1997/01/28 1.13 Save footnotes around boxes
\fn@notes=\box30
\fn@width=\dimen135
)
(/usr/share/texlive/texmf-dist/tex/latex/tools/enumerate.sty
Package: enumerate 1999/03/05 v3.00 enumerate extensions (DPC)
\@enLab=\toks26
)
(/usr/share/texlive/texmf-dist/tex/latex/graphics/lscape.sty
Package: lscape 2000/10/22 v3.01 Landscape Pages (DPC)
)
(/usr/share/texlive/texmf-dist/tex/latex/tools/longtable.sty
Package: longtable 2004/02/01 v4.11 Multi-page Table package (DPC)
\LTleft=\skip54
\LTright=\skip55
\LTpre=\skip56
\LTpost=\skip57
\LTchunksize=\count120
\LTcapwidth=\dimen136
\LT@head=\box31
\LT@firsthead=\box32
\LT@foot=\box33
\LT@lastfoot=\box34
\LT@cols=\count121
\LT@rows=\count122
\c@LT@tables=\count123
\c@LT@chunks=\count124
\LT@p@ftn=\toks27
)
(/usr/share/texlive/texmf-dist/tex/latex/blindtext/blindtext.sty
Package: blindtext 2012/01/06 V2.0 blindtext-Package

(/usr/share/texlive/texmf-dist/tex/latex/tools/xspace.sty
Package: xspace 2009/10/20 v1.13 Space after command names (DPC,MH)
)
\c@blindtext=\count125
\c@Blindtext=\count126
\c@blind@countparstart=\count127
\blind@countxx=\count128
\blindtext@numBlindtext=\count129
\blind@countyy=\count130
\c@blindlist=\count131
\c@blindlistlevel=\count132
\c@blindlist@level=\count133
\blind@listitem=\count134
\c@blind@listcount=\count135
\c@blind@levelcount=\count136
\blind@mathformula=\count137
\blind@Mathformula=\count138
\c@blind@randomcount=\count139
\c@blind@randommax=\count140
\c@blind@pangramcount=\count141
\c@blind@pangrammax=\count142
)
\@losfile=\write3
\openout3 = `thesis.syx'.


Writing index of symbols file thesis.syx
\@labfile=\write4
\openout4 = `thesis.abx'.

Writing index of abbreviations file thesis.abx
(./thesis.aux (./tese_epigrafe.aux) (./tese_dedicatoria.aux)
(./tese_agradecimentos.aux) (./tese_resumo.aux) (./tese_abstract.aux)
(./tese_introducao.aux) (./tese_contextogeologico.aux) (./tese_dados.aux)
(./tese_FR.aux) (./tese_correlacao.aux) (./tese_conclusao.aux)
(./tese_anexoA.aux) (./tese_anexoB.aux) (./tese_anexoC.aux))
\openout1 = `thesis.aux'.

LaTeX Font Info:    Checking defaults for OML/cmm/m/it on input line 16.
LaTeX Font Info:    ... okay on input line 16.
LaTeX Font Info:    Checking defaults for T1/cmr/m/n on input line 16.
LaTeX Font Info:    ... okay on input line 16.
LaTeX Font Info:    Checking defaults for OT1/cmr/m/n on input line 16.
LaTeX Font Info:    ... okay on input line 16.
LaTeX Font Info:    Checking defaults for OMS/cmsy/m/n on input line 16.
LaTeX Font Info:    ... okay on input line 16.
LaTeX Font Info:    Checking defaults for OMX/cmex/m/n on input line 16.
LaTeX Font Info:    ... okay on input line 16.
LaTeX Font Info:    Checking defaults for U/cmr/m/n on input line 16.
LaTeX Font Info:    ... okay on input line 16.
LaTeX Font Info:    Checking defaults for PD1/pdf/m/n on input line 16.
LaTeX Font Info:    ... okay on input line 16.
Package lastpage Info: Please have a look at the pageslts package at
(lastpage)             http://www.ctan.org/tex-archive/ 
(lastpage)             macros/latex/contrib/pageslts/ 
(lastpage)             or
(lastpage)             http://www.ctan.org/tex-archive/ 
(lastpage)             install/macros/latex/contrib/pageslts.tds.zip
(lastpage)             ! on input line 16.

(/usr/share/texlive/texmf-dist/tex/context/base/supp-pdf.mkii
[Loading MPS to PDF converter (version 2006.09.02).]
\scratchcounter=\count143
\scratchdimen=\dimen137
\scratchbox=\box35
\nofMPsegments=\count144
\nofMParguments=\count145
\everyMPshowfont=\toks28
\MPscratchCnt=\count146
\MPscratchDim=\dimen138
\MPnumerator=\count147
\makeMPintoPDFobject=\count148
\everyMPtoPDFconversion=\toks29
) (/usr/share/texlive/texmf-dist/tex/latex/oberdiek/epstopdf-base.sty
Package: epstopdf-base 2010/02/09 v2.5 Base part for package epstopdf

(/usr/share/texlive/texmf-dist/tex/latex/oberdiek/grfext.sty
Package: grfext 2010/08/19 v1.1 Manage graphics extensions (HO)
)
Package grfext Info: Graphics extension search list:
(grfext)             [.png,.pdf,.jpg,.mps,.jpeg,.jbig2,.jb2,.PNG,.PDF,.JPG,.JPE
G,.JBIG2,.JB2,.eps]
(grfext)             \AppendGraphicsExtensions on input line 452.

(/usr/share/texlive/texmf-dist/tex/latex/latexconfig/epstopdf-sys.cfg
File: epstopdf-sys.cfg 2010/07/13 v1.3 Configuration of (r)epstopdf for TeX Liv
e
))
*geometry* driver: auto-detecting
*geometry* detected driver: pdftex
*geometry* verbose mode - [ preamble ] result:
* driver: pdftex
* paper: a4paper
* layout: <same size as paper>
* layoutoffset:(h,v)=(0.0pt,0.0pt)
* vratio: 1:1
* modes: 
* h-part:(L,W,R)=(85.35826pt, 426.79135pt, 85.35826pt)
* v-part:(T,H,B)=(71.13188pt, 702.78308pt, 71.13188pt)
* \paperwidth=597.50787pt
* \paperheight=845.04684pt
* \textwidth=426.79135pt
* \textheight=702.78308pt
* \oddsidemargin=13.08827pt
* \evensidemargin=13.08827pt
* \topmargin=-33.0119pt
* \headheight=12.0pt
* \headsep=19.8738pt
* \topskip=12.0pt
* \footskip=30.0pt
* \marginparwidth=38.0pt
* \marginparsep=7.0pt
* \columnsep=10.0pt
* \skip\footins=10.8pt plus 4.0pt minus 2.0pt
* \hoffset=0.0pt
* \voffset=0.0pt
* \mag=1000
* \@twocolumnfalse
* \@twosidefalse
* \@mparswitchfalse
* \@reversemarginfalse
* (1in=72.27pt=25.4mm, 1cm=28.453pt)

\AtBeginShipoutBox=\box36
Package hyperref Info: Link coloring OFF on input line 16.
(/usr/share/texlive/texmf-dist/tex/latex/hyperref/nameref.sty
Package: nameref 2012/10/27 v2.43 Cross-referencing by name of section

(/usr/share/texlive/texmf-dist/tex/generic/oberdiek/gettitlestring.sty
Package: gettitlestring 2010/12/03 v1.4 Cleanup title references (HO)
)
\c@section@level=\count149
)
LaTeX Info: Redefining \ref on input line 16.
LaTeX Info: Redefining \pageref on input line 16.
LaTeX Info: Redefining \nameref on input line 16.

(./thesis.out) (./thesis.out)
\@outlinefile=\write5
\openout5 = `thesis.out'.

Package babel Info: Redefining portuges shorthand "|
(babel)             in language  on input line 39.
Package babel Info: Redefining portuges shorthand "|
(babel)             in language  on input line 39.
Package babel Info: Redefining portuges shorthand "|
(babel)             in language  on input line 39.
Package babel Info: Redefining portuges shorthand "|
(babel)             in language  on input line 39.
Package babel Info: Redefining portuges shorthand "|
(babel)             in language  on input line 39.
Package hyperref Info: Option `breaklinks' set `true' on input line 39.
Package hyperref Info: Option `raiselinks' set `true' on input line 39.
Package hyperref Info: Option `pageanchor' set `true' on input line 39.


pdfTeX warning: pdflatex (file ./ON-logo.pdf): PDF inclusion: found PDF version
 <1.6>, but at most version <1.5> allowed
<ON-logo.pdf, id=160, 532.95615pt x 168.19116pt>
File: ON-logo.pdf Graphic file (type pdf)
 <use ON-logo.pdf>
Package pdftex.def Info: ON-logo.pdf used on input line 39.
(pdftex.def)             Requested size: 142.26378pt x 44.8938pt.


pdfTeX warning: pdflatex (file ./MCTI-logo.pdf): PDF inclusion: found PDF versi
on <1.6>, but at most version <1.5> allowed
<MCTI-logo.pdf, id=161, 168.16426pt x 74.30502pt>
File: MCTI-logo.pdf Graphic file (type pdf)
 <use MCTI-logo.pdf>
Package pdftex.def Info: MCTI-logo.pdf used on input line 39.
(pdftex.def)             Requested size: 113.81102pt x 50.28976pt.

Underfull \hbox (badness 7740) in paragraph at lines 39--39
[]\OT1/cmr/m/n/12 Disserta^^Xc~ao de Mestrado apresentada ao
 []

LaTeX Font Info:    Try loading font information for U+msa on input line 39.
(/usr/share/texlive/texmf-dist/tex/latex/amsfonts/umsa.fd
File: umsa.fd 2013/01/14 v3.01 AMS symbols A
)
LaTeX Font Info:    Try loading font information for U+msb on input line 39.

(/usr/share/texlive/texmf-dist/tex/latex/amsfonts/umsb.fd
File: umsb.fd 2013/01/14 v3.01 AMS symbols B
)
Package babel Info: Redefining portuges shorthand "|
(babel)             in language  on input line 39.
Package babel Info: Redefining portuges shorthand "|
(babel)             in language  on input line 39.
 [1


{/var/lib/texmf/fonts/map/pdftex/updmap/pdftex.map} <./ON-logo.pdf> <./MCTI-log
o.pdf>]
Package babel Info: Redefining portuges shorthand "|
(babel)             in language  on input line 40.
Package babel Info: Redefining portuges shorthand "|
(babel)             in language  on input line 40.
 [2

]
Package babel Info: Redefining portuges shorthand "|
(babel)             in language  on input line 41.
Package babel Info: Redefining portuges shorthand "|
(babel)             in language  on input line 41.

[3

]
\openout2 = `tese_epigrafe.aux'.

 (./tese_epigrafe.tex
Package babel Info: Redefining portuges shorthand "|
(babel)             in language  on input line 8.
Package babel Info: Redefining portuges shorthand "|
(babel)             in language  on input line 8.
 [4


])
\openout2 = `tese_dedicatoria.aux'.

 (./tese_dedicatoria.tex
Package babel Info: Redefining portuges shorthand "|
(babel)             in language  on input line 7.
Package babel Info: Redefining portuges shorthand "|
(babel)             in language  on input line 7.
 [5




])
\openout2 = `tese_agradecimentos.aux'.


(./tese_agradecimentos.tex)
Package babel Info: Redefining portuges shorthand "|
(babel)             in language  on input line 43.
Package babel Info: Redefining portuges shorthand "|
(babel)             in language  on input line 43.
 [6




]
\openout2 = `tese_resumo.aux'.

 (./tese_resumo.tex
Package babel Info: Redefining portuges shorthand "|
(babel)             in language  on input line 2.
)
Package babel Info: Redefining portuges shorthand "|
(babel)             in language  on input line 44.
Package babel Info: Redefining portuges shorthand "|
(babel)             in language  on input line 44.
 [7



]
\openout2 = `tese_abstract.aux'.

 (./tese_abstract.tex
Package babel Info: Redefining portuges shorthand "|
(babel)             in language  on input line 2.
)
Package babel Info: Redefining portuges shorthand "|
(babel)             in language  on input line 45.
Package babel Info: Redefining portuges shorthand "|
(babel)             in language  on input line 45.

[8



] (./thesis.toc
Package babel Info: Redefining portuges shorthand "|
(babel)             in language  on input line 28.
Package babel Info: Redefining portuges shorthand "|
(babel)             in language  on input line 28.
 [9


])
\tf@toc=\write6
\openout6 = `thesis.toc'.

Package babel Info: Redefining portuges shorthand "|
(babel)             in language  on input line 47.
Package babel Info: Redefining portuges shorthand "|
(babel)             in language  on input line 47.
 [10]
Package babel Info: Redefining portuges shorthand "|
(babel)             in language  on input line 47.
 (./thesis.lof
Package babel Info: Redefining portuges shorthand "|
(babel)             in language  on input line 21.
Package babel Info: Redefining portuges shorthand "|
(babel)             in language  on input line 21.
 [11

]
Package babel Info: Redefining portuges shorthand "|
(babel)             in language  on input line 39.
Package babel Info: Redefining portuges shorthand "|
(babel)             in language  on input line 39.
 [12])
\tf@lof=\write7
\openout7 = `thesis.lof'.

Package babel Info: Redefining portuges shorthand "|
(babel)             in language  on input line 48.
Package babel Info: Redefining portuges shorthand "|
(babel)             in language  on input line 48.
 [13]
Package babel Info: Redefining portuges shorthand "|
(babel)             in language  on input line 48.
 (./thesis.lot)
\tf@lot=\write8
\openout8 = `thesis.lot'.


No file thesis.los.
No file thesis.lab.
Package babel Info: Redefining portuges shorthand "|
(babel)             in language  on input line 51.
Package babel Info: Redefining portuges shorthand "|
(babel)             in language  on input line 51.
[14

]
\openout2 = `tese_introducao.aux'.

 (./tese_introducao.tex
Cap\'{\i }tulo 1.
Package babel Info: Redefining portuges shorthand "|
(babel)             in language  on input line 1.
Package babel Info: Redefining portuges shorthand "|
(babel)             in language  on input line 8.
Package babel Info: Redefining portuges shorthand "|
(babel)             in language  on input line 8.
[1



]
Package babel Info: Redefining portuges shorthand "|
(babel)             in language  on input line 14.
Package babel Info: Redefining portuges shorthand "|
(babel)             in language  on input line 14.
 [2])
Package babel Info: Redefining portuges shorthand "|
(babel)             in language  on input line 52.
Package babel Info: Redefining portuges shorthand "|
(babel)             in language  on input line 52.
 [3]
\openout2 = `tese_contextogeologico.aux'.

 (./tese_contextogeologico.tex
Cap\'{\i }tulo 2.
Package babel Info: Redefining portuges shorthand "|
(babel)             in language  on input line 1.
<Figs/mapa_estacoes_geologico.png, id=548, 844.52657pt x 596.74371pt>
File: Figs/mapa_estacoes_geologico.png Graphic file (type png)

<use Figs/mapa_estacoes_geologico.png>
Package pdftex.def Info: Figs/mapa_estacoes_geologico.png used on input line 9.

(pdftex.def)             Requested size: 422.26224pt x 298.37112pt.

<Figs/mapa_geologico.png, id=555, 642.4803pt x 521.0667pt>
File: Figs/mapa_geologico.png Graphic file (type png)

<use Figs/mapa_geologico.png>
Package pdftex.def Info: Figs/mapa_geologico.png used on input line 18.
(pdftex.def)             Requested size: 385.49115pt x 312.64243pt.
Package babel Info: Redefining portuges shorthand "|
(babel)             in language  on input line 24.
Package babel Info: Redefining portuges shorthand "|
(babel)             in language  on input line 24.
 [4



]
<Figs/perfil_esquematico_area.png, id=582, 530.10045pt x 747.9945pt>
File: Figs/perfil_esquematico_area.png Graphic file (type png)

<use Figs/perfil_esquematico_area.png>
Package pdftex.def Info: Figs/perfil_esquematico_area.png used on input line 27
.
(pdftex.def)             Requested size: 371.06778pt x 523.59259pt.
Package babel Info: Redefining portuges shorthand "|
(babel)             in language  on input line 33.
Package babel Info: Redefining portuges shorthand "|
(babel)             in language  on input line 33.
 [5 <./Figs/mapa_estacoes_geologico.png>]
Package babel Info: Redefining portuges shorthand "|
(babel)             in language  on input line 33.
Package babel Info: Redefining portuges shorthand "|
(babel)             in language  on input line 33.
[6 <./Figs/mapa_geologico.png>]
Package babel Info: Redefining portuges shorthand "|
(babel)             in language  on input line 33.
Package babel Info: Redefining portuges shorthand "|
(babel)             in language  on input line 33.
 [7 <./Figs/perfil_esquematico_area.png>])
Package babel Info: Redefining portuges shorthand "|
(babel)             in language  on input line 53.
Package babel Info: Redefining portuges shorthand "|
(babel)             in language  on input line 53.

[8]
\openout2 = `tese_dados.aux'.

 (./tese_dados.tex
Cap\'{\i }tulo 3.
Package babel Info: Redefining portuges shorthand "|
(babel)             in language  on input line 1.
Package babel Info: Redefining portuges shorthand "|
(babel)             in language  on input line 2.
<Figs/instalacao.png, id=650, 915.42pt x 1034.6655pt>
File: Figs/instalacao.png Graphic file (type png)

<use Figs/instalacao.png>
Package pdftex.def Info: Figs/instalacao.png used on input line 10.
(pdftex.def)             Requested size: 411.9352pt x 465.59517pt.

<Figs/mapa_das_estacoes_simosgraficas_instaladas.png, id=652, 845.00308pt x 597
.49646pt>
File: Figs/mapa_das_estacoes_simosgraficas_instaladas.png Graphic file (type pn
g)
 <use Figs/mapa_das_estacoes_simosgraficas_instaladas.png>
Package pdftex.def Info: Figs/mapa_das_estacoes_simosgraficas_instaladas.png us
ed on input line 19.
(pdftex.def)             Requested size: 422.5005pt x 298.7475pt.
Package babel Info: Redefining portuges shorthand "|
(babel)             in language  on input line 22.
Package babel Info: Redefining portuges shorthand "|
(babel)             in language  on input line 22.
 [9



]
Package babel Info: Redefining portuges shorthand "|
(babel)             in language  on input line 27.
Package babel Info: Redefining portuges shorthand "|
(babel)             in language  on input line 27.

[10 <./Figs/instalacao.png>]
<Figs/comp_z_SLP01.png, id=664, 578.16pt x 180.675pt>
File: Figs/comp_z_SLP01.png Graphic file (type png)

<use Figs/comp_z_SLP01.png>
Package pdftex.def Info: Figs/comp_z_SLP01.png used on input line 30.
(pdftex.def)             Requested size: 433.61893pt x 135.5059pt.

Overfull \hbox (6.82758pt too wide) in paragraph at lines 30--31
 [][] 
 []

Package babel Info: Redefining portuges shorthand "|
(babel)             in language  on input line 36.
Package babel Info: Redefining portuges shorthand "|
(babel)             in language  on input line 36.
[11 <./Figs/mapa_das_estacoes_simosgraficas_instaladas.png> <./Figs/comp_z_SLP0
1.png>] <Figs/sismograma.png, id=673, 729.927pt x 312.2064pt>
File: Figs/sismograma.png Graphic file (type png)

<use Figs/sismograma.png>
Package pdftex.def Info: Figs/sismograma.png used on input line 39.
(pdftex.def)             Requested size: 437.95958pt x 187.32529pt.

Overfull \hbox (11.16823pt too wide) in paragraph at lines 39--40
 [][] 
 []

Package babel Info: Redefining portuges shorthand "|
(babel)             in language  on input line 46.
Package babel Info: Redefining portuges shorthand "|
(babel)             in language  on input line 50.
Package babel Info: Redefining portuges shorthand "|
(babel)             in language  on input line 50.
[12 <./Figs/sismograma.png>]
<Figs/mcnamura_buland.png, id=697, 605.26125pt x 455.7025pt>
File: Figs/mcnamura_buland.png Graphic file (type png)

<use Figs/mcnamura_buland.png>
Package pdftex.def Info: Figs/mcnamura_buland.png used on input line 56.
(pdftex.def)             Requested size: 423.67998pt x 318.98956pt.

<Figs/pqlx_results.png, id=708, 1339.1631pt x 354.123pt>
File: Figs/pqlx_results.png Graphic file (type png)

<use Figs/pqlx_results.png>
Package pdftex.def Info: Figs/pqlx_results.png used on input line 65.
(pdftex.def)             Requested size: 401.75203pt x 106.2377pt.
Package babel Info: Redefining portuges shorthand "|
(babel)             in language  on input line 70.
Package babel Info: Redefining portuges shorthand "|
(babel)             in language  on input line 70.
 [13]
Package babel Info: Redefining portuges shorthand "|
(babel)             in language  on input line 70.
Package babel Info: Redefining portuges shorthand "|
(babel)             in language  on input line 70.
 [14 <./Figs/mcnamura_buland.png> <./Figs/pqlx_results.png>]
Package babel Info: Redefining portuges shorthand "|
(babel)             in language  on input line 71.
 <Figs/mapa_de_eventos.png, id=730, 782.6841pt x 377.9721pt>
File: Figs/mapa_de_eventos.png Graphic file (type png)

<use Figs/mapa_de_eventos.png>
Package pdftex.def Info: Figs/mapa_de_eventos.png used on input line 86.
(pdftex.def)             Requested size: 391.3411pt x 188.98558pt.
Package babel Info: Redefining portuges shorthand "|
(babel)             in language  on input line 94.
Package babel Info: Redefining portuges shorthand "|
(babel)             in language  on input line 94.
 [15

]
Package babel Info: Redefining portuges shorthand "|
(babel)             in language  on input line 98.

<Figs/sta_corr.png, id=747, 806.71388pt x 717.27975pt>
File: Figs/sta_corr.png Graphic file (type png)
 <use Figs/sta_corr.png>
Package pdftex.def Info: Figs/sta_corr.png used on input line 104.
(pdftex.def)             Requested size: 403.35596pt x 358.63899pt.
Package babel Info: Redefining portuges shorthand "|
(babel)             in language  on input line 110.
Package babel Info: Redefining portuges shorthand "|
(babel)             in language  on input line 110.

[16 <./Figs/mapa_de_eventos.png>]
<Figs/correlacao_tempo_de_chegada.png, id=757, 624.05145pt x 485.29305pt>
File: Figs/correlacao_tempo_de_chegada.png Graphic file (type png)

<use Figs/correlacao_tempo_de_chegada.png>
Package pdftex.def Info: Figs/correlacao_tempo_de_chegada.png used on input lin
e 113.
(pdftex.def)             Requested size: 374.43376pt x 291.17807pt.

<Figs/correlacao_tempo_de_chegada_resultado.png, id=764, 1216.3041pt x 742.9356
pt>
File: Figs/correlacao_tempo_de_chegada_resultado.png Graphic file (type png)
 <use Figs/correlacao_tempo_de_chegada_resultado.png>
Package pdftex.def Info: Figs/correlacao_tempo_de_chegada_resultado.png used on
 input line 122.
(pdftex.def)             Requested size: 364.89404pt x 222.88239pt.
Package babel Info: Redefining portuges shorthand "|
(babel)             in language  on input line 128.
Package babel Info: Redefining portuges shorthand "|
(babel)             in language  on input line 128.
 [17 <./Figs/sta_corr.png>]

LaTeX Warning: Text page 18 contains only floats.

Package babel Info: Redefining portuges shorthand "|
(babel)             in language  on input line 128.
Package babel Info: Redefining portuges shorthand "|
(babel)             in language  on input line 128.
[18 <./Figs/correlacao_tempo_de_chegada.png> <./Figs/correlacao_tempo_de_chegad
a_resultado.png>])
Package babel Info: Redefining portuges shorthand "|
(babel)             in language  on input line 54.
Package babel Info: Redefining portuges shorthand "|
(babel)             in language  on input line 54.
 [19]
\openout2 = `tese_FR.aux'.

 (./tese_FR.tex
Cap\'{\i }tulo 4.
Package babel Info: Redefining portuges shorthand "|
(babel)             in language  on input line 1.
Package babel Info: Redefining portuges shorthand "|
(babel)             in language  on input line 3.
Package babel Info: Redefining portuges shorthand "|
(babel)             in language  on input line 17.
Package babel Info: Redefining portuges shorthand "|
(babel)             in language  on input line 17.
[20



] <Figs/Componente_Radial_Transversal.png, id=798, 694.5147pt x 482.7636pt>
File: Figs/Componente_Radial_Transversal.png Graphic file (type png)

<use Figs/Componente_Radial_Transversal.png>
Package pdftex.def Info: Figs/Componente_Radial_Transversal.png used on input l
ine 20.
(pdftex.def)             Requested size: 416.71202pt x 289.66039pt.
Package babel Info: Redefining portuges shorthand "|
(babel)             in language  on input line 25.

<Figs/funcoes_sinteticas.png, id=802, 381.425pt x 605.26125pt>
File: Figs/funcoes_sinteticas.png Graphic file (type png)

<use Figs/funcoes_sinteticas.png>
Package pdftex.def Info: Figs/funcoes_sinteticas.png used on input line 31.
(pdftex.def)             Requested size: 305.1404pt x 484.20964pt.
Package babel Info: Redefining portuges shorthand "|
(babel)             in language  on input line 39.
Package babel Info: Redefining portuges shorthand "|
(babel)             in language  on input line 39.
 [21 <./Figs/Componente_Radial_Transversal.png>]
Package babel Info: Redefining portuges shorthand "|
(babel)             in language  on input line 39.
Package babel Info: Redefining portuges shorthand "|
(babel)             in language  on input line 39.
 [22 <./Figs/funcoes_sinteticas.png>]
Package babel Info: Redefining portuges shorthand "|
(babel)             in language  on input line 69.
Package babel Info: Redefining portuges shorthand "|
(babel)             in language  on input line 69.
 [23]

LaTeX Warning: Command \textordmasculine invalid in math mode on input line 88.


<Figs/water_level.png, id=865, 475.7775pt x 204.765pt>
File: Figs/water_level.png Graphic file (type png)

<use Figs/water_level.png>
Package pdftex.def Info: Figs/water_level.png used on input line 92.
(pdftex.def)             Requested size: 380.6225pt x 163.8122pt.
Package babel Info: Redefining portuges shorthand "|
(babel)             in language  on input line 98.
Package babel Info: Redefining portuges shorthand "|
(babel)             in language  on input line 98.
 [24pdfTeX warning (ext4): destination with the same identifier (name{equation.
4.2.6}) has been already used, duplicate ignored

\AtBegShi@Output ...ipout \box \AtBeginShipoutBox 
                                                  \fi \fi 
l.98 
     ]
Package babel Info: Redefining portuges shorthand "|
(babel)             in language  on input line 99.
Package babel Info: Redefining portuges shorthand "|
(babel)             in language  on input line 106.
Package babel Info: Redefining portuges shorthand "|
(babel)             in language  on input line 106.
 [25 <./Figs/water_level.png>]
Package babel Info: Redefining portuges shorthand "|
(babel)             in language  on input line 132.
Package babel Info: Redefining portuges shorthand "|
(babel)             in language  on input line 132.
 [26]
<Figs/tempo_teorico_modelo_tauptime.png, id=924, 626.5809pt x 437.9562pt>
File: Figs/tempo_teorico_modelo_tauptime.png Graphic file (type png)

<use Figs/tempo_teorico_modelo_tauptime.png>
Package pdftex.def Info: Figs/tempo_teorico_modelo_tauptime.png used on input l
ine 139.
(pdftex.def)             Requested size: 438.60364pt x 306.56725pt.

Overfull \hbox (11.81229pt too wide) in paragraph at lines 139--140
 [][] 
 []

Package babel Info: Redefining portuges shorthand "|
(babel)             in language  on input line 149.
Package babel Info: Redefining portuges shorthand "|
(babel)             in language  on input line 149.
[27]
Package babel Info: Redefining portuges shorthand "|
(babel)             in language  on input line 155.
Package babel Info: Redefining portuges shorthand "|
(babel)             in language  on input line 155.
 [28 <./Figs/tempo_teorico_modelo_tauptime.png>]
<Figs/empilhamento.png, id=970, 484.9317pt x 482.7636pt>
File: Figs/empilhamento.png Graphic file (type png)

<use Figs/empilhamento.png>
Package pdftex.def Info: Figs/empilhamento.png used on input line 170.
(pdftex.def)             Requested size: 387.94588pt x 386.2114pt.
Package babel Info: Redefining portuges shorthand "|
(babel)             in language  on input line 175.
Package babel Info: Redefining portuges shorthand "|
(babel)             in language  on input line 179.

<Figs/modelagem_RF.png, id=981, 1901.1025pt x 762.85pt>
File: Figs/modelagem_RF.png Graphic file (type png)

<use Figs/modelagem_RF.png>
Package pdftex.def Info: Figs/modelagem_RF.png used on input line 183.
(pdftex.def)             Requested size: 418.24385pt x 167.82751pt.
Package babel Info: Redefining portuges shorthand "|
(babel)             in language  on input line 189.
Package babel Info: Redefining portuges shorthand "|
(babel)             in language  on input line 189.
 [29]
Package babel Info: Redefining portuges shorthand "|
(babel)             in language  on input line 189.
Package babel Info: Redefining portuges shorthand "|
(babel)             in language  on input line 189.
 [30 <./Figs/empilhamento.png>]
Package babel Info: Redefining portuges shorthand "|
(babel)             in language  on input line 193.
Package babel Info: Redefining portuges shorthand "|
(babel)             in language  on input line 193.
 [31 <./Figs/modelagem_RF.png>]
Package babel Info: Redefining portuges shorthand "|
(babel)             in language  on input line 196.

<Figs/perfil_RF_sintetico.png, id=1039, 1800.8504pt x 1014.7298pt>
File: Figs/perfil_RF_sintetico.png Graphic file (type png)

<use Figs/perfil_RF_sintetico.png>
Package pdftex.def Info: Figs/perfil_RF_sintetico.png used on input line 200.
(pdftex.def)             Requested size: 450.2115pt x 253.68182pt.

Overfull \hbox (23.42015pt too wide) in paragraph at lines 200--201
 [][] 
 []

Package babel Info: Redefining portuges shorthand "|
(babel)             in language  on input line 206.
Package babel Info: Redefining portuges shorthand "|
(babel)             in language  on input line 206.
[32 <./Figs/perfil_RF_sintetico.png>]
Package babel Info: Redefining portuges shorthand "|
(babel)             in language  on input line 213.

<Figs/RF_SLP01_STA08.png, id=1063, 2843.60327pt x 1491.12184pt>
File: Figs/RF_SLP01_STA08.png Graphic file (type png)

<use Figs/RF_SLP01_STA08.png>
Package pdftex.def Info: Figs/RF_SLP01_STA08.png used on input line 223.
(pdftex.def)             Requested size: 454.98582pt x 238.58437pt.

Overfull \hbox (28.19447pt too wide) in paragraph at lines 223--224
 [][] 
 []

Package babel Info: Redefining portuges shorthand "|
(babel)             in language  on input line 226.
Package babel Info: Redefining portuges shorthand "|
(babel)             in language  on input line 226.
[33]
Package babel Info: Redefining portuges shorthand "|
(babel)             in language  on input line 231.
Package babel Info: Redefining portuges shorthand "|
(babel)             in language  on input line 231.
 [34 <./Figs/RF_SLP01_STA08.png>]
<Figs/Interpolacao_Linear.png, id=1097, 369.2997pt x 248.8497pt>
File: Figs/Interpolacao_Linear.png Graphic file (type png)

<use Figs/Interpolacao_Linear.png>
Package pdftex.def Info: Figs/Interpolacao_Linear.png used on input line 234.
(pdftex.def)             Requested size: 369.29878pt x 248.84908pt.

<Figs/Interpolacao_Linear_vpvs.png, id=1103, 369.3263pt x 248.95686pt>
File: Figs/Interpolacao_Linear_vpvs.png Graphic file (type png)

<use Figs/Interpolacao_Linear_vpvs.png>
Package pdftex.def Info: Figs/Interpolacao_Linear_vpvs.png used on input line 2
43.
(pdftex.def)             Requested size: 369.3254pt x 248.95624pt.
Package babel Info: Redefining portuges shorthand "|
(babel)             in language  on input line 250.
Package babel Info: Redefining portuges shorthand "|
(babel)             in language  on input line 250.
 [35 <./Figs/Interpolacao_Linear.png>]
Package babel Info: Redefining portuges shorthand "|
(babel)             in language  on input line 252.
Package babel Info: Redefining portuges shorthand "|
(babel)             in language  on input line 252.

[36 <./Figs/Interpolacao_Linear_vpvs.png>]
<Figs/RF_azimute_perfil1.png, id=1134, 729.22606pt x 994.8606pt>
File: Figs/RF_azimute_perfil1.png Graphic file (type png)

<use Figs/RF_azimute_perfil1.png>
Package pdftex.def Info: Figs/RF_azimute_perfil1.png used on input line 255.
(pdftex.def)             Requested size: 364.61214pt x 497.42908pt.

<Figs/RF_azimute_perfil2.png, id=1135, 729.22606pt x 949.17822pt>
File: Figs/RF_azimute_perfil2.png Graphic file (type png)

<use Figs/RF_azimute_perfil2.png>
Package pdftex.def Info: Figs/RF_azimute_perfil2.png used on input line 262.
(pdftex.def)             Requested size: 364.61214pt x 474.58795pt.

<Figs/RF_azimute_perfil3.png, id=1136, 729.22606pt x 955.46257pt>
File: Figs/RF_azimute_perfil3.png Graphic file (type png)

<use Figs/RF_azimute_perfil3.png>
Package pdftex.def Info: Figs/RF_azimute_perfil3.png used on input line 269.
(pdftex.def)             Requested size: 364.61214pt x 477.73012pt.
Package babel Info: Redefining portuges shorthand "|
(babel)             in language  on input line 275.
Package babel Info: Redefining portuges shorthand "|
(babel)             in language  on input line 275.
 [37 <./Figs/RF_azimute_perfil1.png>]
Package babel Info: Redefining portuges shorthand "|
(babel)             in language  on input line 277.
Package babel Info: Redefining portuges shorthand "|
(babel)             in language  on input line 277.
 [38 <./Figs/RF_azimute_perfil2.png>]
<Figs/comp_ls_pwsw.png, id=1158, 1753.2702pt x 1389.0294pt>
File: Figs/comp_ls_pwsw.png Graphic file (type png)

<use Figs/comp_ls_pwsw.png>
Package pdftex.def Info: Figs/comp_ls_pwsw.png used on input line 280.
(pdftex.def)             Requested size: 438.31648pt x 347.2565pt.

Overfull \hbox (11.52513pt too wide) in paragraph at lines 280--281
 [][] 
 []

Package babel Info: Redefining portuges shorthand "|
(babel)             in language  on input line 286.
Package babel Info: Redefining portuges shorthand "|
(babel)             in language  on input line 286.
[39 <./Figs/RF_azimute_perfil3.png>])
Package babel Info: Redefining portuges shorthand "|
(babel)             in language  on input line 55.
Package babel Info: Redefining portuges shorthand "|
(babel)             in language  on input line 55.
 [40 <./Figs/comp_ls_pwsw.png>]
\openout2 = `tese_correlacao.aux'.


(./tese_correlacao.tex
Cap\'{\i }tulo 5.
Package babel Info: Redefining portuges shorthand "|
(babel)             in language  on input line 1.
Package babel Info: Redefining portuges shorthand "|
(babel)             in language  on input line 3.

Underfull \hbox (badness 10000) in paragraph at lines 15--17

 []

Package babel Info: Redefining portuges shorthand "|
(babel)             in language  on input line 19.
Package babel Info: Redefining portuges shorthand "|
(babel)             in language  on input line 19.
[41



] <Figs/shapiro2004.png, id=1213, 611.28375pt x 841.1425pt>
File: Figs/shapiro2004.png Graphic file (type png)

<use Figs/shapiro2004.png>
Package pdftex.def Info: Figs/shapiro2004.png used on input line 25.
(pdftex.def)             Requested size: 305.64113pt x 420.57022pt.
Package babel Info: Redefining portuges shorthand "|
(babel)             in language  on input line 30.

Underfull \hbox (badness 1163) in paragraph at lines 32--33
\OT1/cmr/m/n/12 Para o pro-ces-sa-mento dos da-dos utilizou-se o c^^Sodigo es-c
rito pelo Pro-fes-sor
 []

<Figs/fluxograma_bensen2007.png, id=1221, 602.25pt x 578.16pt>
File: Figs/fluxograma_bensen2007.png Graphic file (type png)

<use Figs/fluxograma_bensen2007.png>
Package pdftex.def Info: Figs/fluxograma_bensen2007.png used on input line 38.
(pdftex.def)             Requested size: 301.12425pt x 289.07928pt.
Package babel Info: Redefining portuges shorthand "|
(babel)             in language  on input line 43.
Package babel Info: Redefining portuges shorthand "|
(babel)             in language  on input line 48.
Package babel Info: Redefining portuges shorthand "|
(babel)             in language  on input line 48.
 [42]
<Figs/temporal_norma.png, id=1241, 864.22874pt x 642.4pt>
File: Figs/temporal_norma.png Graphic file (type png)

<use Figs/temporal_norma.png>
Package pdftex.def Info: Figs/temporal_norma.png used on input line 53.
(pdftex.def)             Requested size: 345.68536pt x 256.95544pt.
Package babel Info: Redefining portuges shorthand "|
(babel)             in language  on input line 56.
Package babel Info: Redefining portuges shorthand "|
(babel)             in language  on input line 56.
 [43 <./Figs/shapiro2004.png>]
Package babel Info: Redefining portuges shorthand "|
(babel)             in language  on input line 60.
Package babel Info: Redefining portuges shorthand "|
(babel)             in language  on input line 63.
Package babel Info: Redefining portuges shorthand "|
(babel)             in language  on input line 63.
 [44 <./Figs/fluxograma_bensen2007.png>] <Figs/whitening.png, id=1269, 882.5973
8pt x 836.52525pt>
File: Figs/whitening.png Graphic file (type png)

<use Figs/whitening.png>
Package pdftex.def Info: Figs/whitening.png used on input line 66.
(pdftex.def)             Requested size: 441.2976pt x 418.2616pt.

Overfull \hbox (14.50626pt too wide) in paragraph at lines 66--67
 [][] 
 []

Package babel Info: Redefining portuges shorthand "|
(babel)             in language  on input line 74.
Package babel Info: Redefining portuges shorthand "|
(babel)             in language  on input line 77.
Package babel Info: Redefining portuges shorthand "|
(babel)             in language  on input line 77.
[45 <./Figs/temporal_norma.png>]
<Figs/correlaca_cruzada.png, id=1281, 1685.69775pt x 2168.1pt>
File: Figs/correlaca_cruzada.png Graphic file (type png)

<use Figs/correlaca_cruzada.png>
Package pdftex.def Info: Figs/correlaca_cruzada.png used on input line 80.
(pdftex.def)             Requested size: 337.13358pt x 433.61232pt.
Package babel Info: Redefining portuges shorthand "|
(babel)             in language  on input line 87.
Package babel Info: Redefining portuges shorthand "|
(babel)             in language  on input line 87.
 [46 <./Figs/whitening.png>]
Package babel Info: Redefining portuges shorthand "|
(babel)             in language  on input line 90.
Package babel Info: Redefining portuges shorthand "|
(babel)             in language  on input line 90.
 [47 <./Figs/correlaca_cruzada.png>]
Package babel Info: Redefining portuges shorthand "|
(babel)             in language  on input line 90.
Package babel Info: Redefining portuges shorthand "|
(babel)             in language  on input line 117.
Package babel Info: Redefining portuges shorthand "|
(babel)             in language  on input line 117.
 [48]
Underfull \hbox (badness 1348) in paragraph at lines 118--119
[]\OT1/cmr/m/n/12 A an^^Salise frequ^encia-tempo ^^Se des-crita em duas eta-pas
 por []LEVSHIN e
 []

<Figs/correlacao_FTAN.png, id=1337, 505.89pt x 202.356pt>
File: Figs/correlacao_FTAN.png Graphic file (type png)

<use Figs/correlacao_FTAN.png>
Package pdftex.def Info: Figs/correlacao_FTAN.png used on input line 132.
(pdftex.def)             Requested size: 404.71254pt x 161.88501pt.
Package babel Info: Redefining portuges shorthand "|
(babel)             in language  on input line 139.
Package babel Info: Redefining portuges shorthand "|
(babel)             in language  on input line 142.
Package babel Info: Redefining portuges shorthand "|
(babel)             in language  on input line 142.
 [49]
Package babel Info: Redefining portuges shorthand "|
(babel)             in language  on input line 147.
Package babel Info: Redefining portuges shorthand "|
(babel)             in language  on input line 147.
 [50 <./Figs/correlacao_FTAN.png>]
Package babel Info: Redefining portuges shorthand "|
(babel)             in language  on input line 157.
Package babel Info: Redefining portuges shorthand "|
(babel)             in language  on input line 184.
Package babel Info: Redefining portuges shorthand "|
(babel)             in language  on input line 184.
 [51]
Package babel Info: Redefining portuges shorthand "|
(babel)             in language  on input line 225.
Package babel Info: Redefining portuges shorthand "|
(babel)             in language  on input line 228.
Package babel Info: Redefining portuges shorthand "|
(babel)             in language  on input line 228.

[52]
Package babel Info: Redefining portuges shorthand "|
(babel)             in language  on input line 231.
Package babel Info: Redefining portuges shorthand "|
(babel)             in language  on input line 235.
 <Figs/corr_dado_bruto.png, id=1391, 608.5134pt x 807.9786pt>
File: Figs/corr_dado_bruto.png Graphic file (type png)

<use Figs/corr_dado_bruto.png>
Package pdftex.def Info: Figs/corr_dado_bruto.png used on input line 239.
(pdftex.def)             Requested size: 304.25595pt x 403.98831pt.
Package babel Info: Redefining portuges shorthand "|
(babel)             in language  on input line 245.
Package babel Info: Redefining portuges shorthand "|
(babel)             in language  on input line 245.
 [53]
Package babel Info: Redefining portuges shorthand "|
(babel)             in language  on input line 247.

<Figs/fonte_FTAN.png, id=1405, 505.89pt x 404.712pt>
File: Figs/fonte_FTAN.png Graphic file (type png)
 <use Figs/fonte_FTAN.png>
Package pdftex.def Info: Figs/fonte_FTAN.png used on input line 251.
(pdftex.def)             Requested size: 404.71254pt x 323.77003pt.
Package babel Info: Redefining portuges shorthand "|
(babel)             in language  on input line 254.
Package babel Info: Redefining portuges shorthand "|
(babel)             in language  on input line 254.

[54 <./Figs/corr_dado_bruto.png>]
Package babel Info: Redefining portuges shorthand "|
(babel)             in language  on input line 257.
Package babel Info: Redefining portuges shorthand "|
(babel)             in language  on input line 257.
 [55 <./Figs/fonte_FTAN.png>]
<Figs/dist_FTAN.png, id=1423, 505.89pt x 404.712pt>
File: Figs/dist_FTAN.png Graphic file (type png)
 <use Figs/dist_FTAN.png>
Package pdftex.def Info: Figs/dist_FTAN.png used on input line 260.
(pdftex.def)             Requested size: 404.71254pt x 323.77003pt.

<Figs/corr_selecao.png, id=1424, 252.945pt x 216.81pt>
File: Figs/corr_selecao.png Graphic file (type png)

<use Figs/corr_selecao.png>
Package pdftex.def Info: Figs/corr_selecao.png used on input line 267.
(pdftex.def)             Requested size: 252.94438pt x 216.80946pt.
Package babel Info: Redefining portuges shorthand "|
(babel)             in language  on input line 272.
Package babel Info: Redefining portuges shorthand "|
(babel)             in language  on input line 275.
Package babel Info: Redefining portuges shorthand "|
(babel)             in language  on input line 275.
 [56 <./Figs/dist_FTAN.png>]
<Figs/SNR.png, id=1431, 252.945pt x 216.81pt>
File: Figs/SNR.png Graphic file (type png)
 <use Figs/SNR.png>
Package pdftex.def Info: Figs/SNR.png used on input line 278.
(pdftex.def)             Requested size: 252.94438pt x 216.80946pt.
Package babel Info: Redefining portuges shorthand "|
(babel)             in language  on input line 283.
Package babel Info: Redefining portuges shorthand "|
(babel)             in language  on input line 286.
Package babel Info: Redefining portuges shorthand "|
(babel)             in language  on input line 286.
 [57 <./Figs/corr_selecao.png> <./Figs/SNR.png>]
<Figs/sensibilidade.png, id=1441, 216.81pt x 252.945pt>
File: Figs/sensibilidade.png Graphic file (type png)

<use Figs/sensibilidade.png>
Package pdftex.def Info: Figs/sensibilidade.png used on input line 289.
(pdftex.def)             Requested size: 216.80946pt x 252.94438pt.
Package babel Info: Redefining portuges shorthand "|
(babel)             in language  on input line 297.
Package babel Info: Redefining portuges shorthand "|
(babel)             in language  on input line 297.
 [58 <./Figs/sensibilidade.png>]
<Figs/mapa_tomografia.png, id=1465, 922.1652pt x 2486.8107pt>
File: Figs/mapa_tomografia.png Graphic file (type png)

<use Figs/mapa_tomografia.png>
Package pdftex.def Info: Figs/mapa_tomografia.png used on input line 308.
(pdftex.def)             Requested size: 230.54074pt x 621.70116pt.
Package babel Info: Redefining portuges shorthand "|
(babel)             in language  on input line 314.
Package babel Info: Redefining portuges shorthand "|
(babel)             in language  on input line 314.
 [59]

LaTeX Warning: Text page 60 contains only floats.


Overfull \vbox (2.75139pt too high) has occurred while \output is active []

Package babel Info: Redefining portuges shorthand "|
(babel)             in language  on input line 314.
Package babel Info: Redefining portuges shorthand "|
(babel)             in language  on input line 314.

[60 <./Figs/mapa_tomografia.png>]
<Figs/resolution_maps.png, id=1478, 1785.069pt x 2496.2058pt>
File: Figs/resolution_maps.png Graphic file (type png)

<use Figs/resolution_maps.png>
Package pdftex.def Info: Figs/resolution_maps.png used on input line 317.
(pdftex.def)             Requested size: 357.00748pt x 499.23232pt.
)
Package babel Info: Redefining portuges shorthand "|
(babel)             in language  on input line 56.
Package babel Info: Redefining portuges shorthand "|
(babel)             in language  on input line 56.
 [61 <./Figs/resolution_maps.png>]
\openout2 = `tese_conclusao.aux'.


(./tese_conclusao.tex
Cap\'{\i }tulo 6.
Package babel Info: Redefining portuges shorthand "|
(babel)             in language  on input line 1.
Package babel Info: Redefining portuges shorthand "|
(babel)             in language  on input line 9.
Package babel Info: Redefining portuges shorthand "|
(babel)             in language  on input line 9.
[62



])
Package babel Info: Redefining portuges shorthand "|
(babel)             in language  on input line 57.
Package babel Info: Redefining portuges shorthand "|
(babel)             in language  on input line 57.
 [63] (./thesis.bbl
Package babel Info: Redefining portuges shorthand "|
(babel)             in language  on input line 1.
LaTeX Font Info:    Try loading font information for OML+cmr on input line 13.

(/usr/share/texlive/texmf-dist/tex/latex/base/omlcmr.fd
File: omlcmr.fd 1999/05/25 v2.5h Standard LaTeX font definitions
)
LaTeX Font Info:    Font shape `OML/cmr/m/n' in size <12> not available
(Font)              Font shape `OML/cmm/m/it' tried instead on input line 13.

Underfull \hbox (badness 2302) in paragraph at lines 23--28
[]\OT1/cmr/m/n/12 AMMON, C. J., 1997.  ``Re-cei-ver Func-tion Source Equa-li-za
-tion''. Web-
 []


Underfull \hbox (badness 1728) in paragraph at lines 61--69
[]\OT1/cmr/m/n/12 ASSUMP[][]AO, M., 2002, ``Crus-tal thick-nes-ses in SE Bra-zi
-lian Shi-eld by
 []


Underfull \hbox (badness 5417) in paragraph at lines 61--69
\OT1/cmr/m/n/12 re-cei-ver func-tion analy-sis: Im-pli-ca-ti-ons for isos-ta-ti
c com-pen-sa-
 []


Underfull \hbox (badness 2478) in paragraph at lines 61--69
\OT1/cmr/m/n/12 tion'', v. 107.  ISSN: 0148-0227.  doi: $10 . 1029 / 2001JB0004
22$.
 []


Underfull \hbox (badness 10000) in paragraph at lines 61--69
\OT1/cmr/m/n/12 Dis-pon^^S^^Pvel em: \OML/cmm/m/it/12 <[]$\OT1/cmtt/m/n/12 http
 : / / libra . msra . cn / Publication / 5115166 /
 []


Overfull \hbox (193.06155pt too wide) in paragraph at lines 61--69
\OT1/cmtt/m/n/12 crustal-[]thicknesses-[]in-[]se-[]brazilian-[]shield-[]by-[]re
ceiver-[]function-[]analysis-[]implications-[]for$[]\OML/cmm/m/it/12 >\OT1/cmr/
m/n/12 . 
 []

Package babel Info: Redefining portuges shorthand "|
(babel)             in language  on input line 80.
Package babel Info: Redefining portuges shorthand "|
(babel)             in language  on input line 80.
[64



]
Package babel Info: Redefining portuges shorthand "|
(babel)             in language  on input line 160.
Package babel Info: Redefining portuges shorthand "|
(babel)             in language  on input line 160.
 [65]
Underfull \hbox (badness 5064) in paragraph at lines 172--180
\OT1/cmr/m/n/12 em: \OML/cmm/m/it/12 <[]$\OT1/cmtt/m/n/12 http : / / www . iag 
. usp . br / pos / geofisica / portugues / artigo /
 []


Overfull \hbox (87.0865pt too wide) in paragraph at lines 172--180
\OT1/cmtt/m/n/12 crustal-[]structure-[]ribeira-[]fold-[]belt-[]se-[]brazil-[]de
rived-[]receiver-[]functions$[]\OML/cmm/m/it/12 >\OT1/cmr/m/n/12 . 
 []

Package babel Info: Redefining portuges shorthand "|
(babel)             in language  on input line 241.
Package babel Info: Redefining portuges shorthand "|
(babel)             in language  on input line 241.
[66]
Underfull \hbox (badness 1721) in paragraph at lines 296--305
\OT1/cmr/m/n/12 Ba-sel, pp. 1531--1545.  ISBN: 978-3-7643-6551-6, 978-3-0348-82
64-
 []

Package babel Info: Redefining portuges shorthand "|
(babel)             in language  on input line 314.
Package babel Info: Redefining portuges shorthand "|
(babel)             in language  on input line 314.
[67]
Package babel Info: Redefining portuges shorthand "|
(babel)             in language  on input line 394.
Package babel Info: Redefining portuges shorthand "|
(babel)             in language  on input line 394.
 [68]
Underfull \hbox (badness 2547) in paragraph at lines 451--459
\OT1/cmr/m/n/12 belt and the cen-tral Ri-beira belt, SE Bra-zil'', v. 48, pp. 4
3--
 []


Underfull \hbox (badness 2080) in paragraph at lines 451--459
\OT1/cmr/m/n/12 57.  ISSN: 08959811.  doi: $10 . 1016 / j . jsames . 2013 . 07 
. 012$.  Dis-
 []


Underfull \hbox (badness 1270) in paragraph at lines 463--472
\OT1/cmr/m/n/12 428.  ISSN: 0895-9811.  doi: $10 . 1016 / j . jsames . 2011 . 0
3 . 003$.  Dis-
 []

Package babel Info: Redefining portuges shorthand "|
(babel)             in language  on input line 472.
Package babel Info: Redefining portuges shorthand "|
(babel)             in language  on input line 472.
[69]
Underfull \hbox (badness 1708) in paragraph at lines 475--483
\OT1/cmr/m/n/12 ri-ved Moho for South Ame-rica'', \OT1/cmr/m/it/12 Tec-to-nophy
-sics\OT1/cmr/m/n/12 , v. 609 (dez.), 
 []

)
Package babel Info: Redefining portuges shorthand "|
(babel)             in language  on input line 65.
Package babel Info: Redefining portuges shorthand "|
(babel)             in language  on input line 65.
 [70]
\openout2 = `tese_anexoA.aux'.

 (./tese_anexoA.tex
Package babel Info: Redefining portuges shorthand "|
(babel)             in language  on input line 2.
)
Package babel Info: Redefining portuges shorthand "|
(babel)             in language  on input line 66.
Package babel Info: Redefining portuges shorthand "|
(babel)             in language  on input line 66.
 [71



]

LaTeX Warning: Text page 72 contains only floats.

Package babel Info: Redefining portuges shorthand "|
(babel)             in language  on input line 66.
Package babel Info: Redefining portuges shorthand "|
(babel)             in language  on input line 66.
[72]
\openout2 = `tese_anexoB.aux'.

 (./tese_anexoB.tex
Package babel Info: Redefining portuges shorthand "|
(babel)             in language  on input line 2.
)
Package babel Info: Redefining portuges shorthand "|
(babel)             in language  on input line 69.
Package babel Info: Redefining portuges shorthand "|
(babel)             in language  on input line 69.
 [73





]
Package babel Info: Redefining portuges shorthand "|
(babel)             in language  on input line 69.
Package babel Info: Redefining portuges shorthand "|
(babel)             in language  on input line 69.
 [74]
\openout2 = `tese_anexoC.aux'.

 (./tese_anexoC.tex
Package babel Info: Redefining portuges shorthand "|
(babel)             in language  on input line 2.
)
Package babel Info: Redefining portuges shorthand "|
(babel)             in language  on input line 72.
Package babel Info: Redefining portuges shorthand "|
(babel)             in language  on input line 72.
 [75





]
Package babel Info: Redefining portuges shorthand "|
(babel)             in language  on input line 72.
Package babel Info: Redefining portuges shorthand "|
(babel)             in language  on input line 72.
 [76]

AED: lastpage setting LastPage
Package babel Info: Redefining portuges shorthand "|
(babel)             in language  on input line 74.
Package atveryend Info: Empty hook `BeforeClearDocument' on input line 74.
Package atveryend Info: Empty hook `AfterLastShipout' on input line 74.
(./thesis.aux (./tese_epigrafe.aux) (./tese_dedicatoria.aux)
(./tese_agradecimentos.aux) (./tese_resumo.aux) (./tese_abstract.aux)
(./tese_introducao.aux) (./tese_contextogeologico.aux) (./tese_dados.aux)
(./tese_FR.aux) (./tese_correlacao.aux) (./tese_conclusao.aux)
(./tese_anexoA.aux) (./tese_anexoB.aux) (./tese_anexoC.aux))
Package atveryend Info: Executing hook `AtVeryEndDocument' on input line 74.
Package atveryend Info: Executing hook `AtEndAfterFileList' on input line 74.
Package rerunfilecheck Info: File `thesis.out' has not changed.
(rerunfilecheck)             Checksum: E2498701E23107F521E9BCBEAD0E3AEA;2855.
Package atveryend Info: Empty hook `AtVeryVeryEnd' on input line 74.
 ) 
Here is how much of TeX's memory you used:
 9002 strings out of 494963
 132007 string characters out of 6179647
 265907 words of memory out of 5000000
 11657 multiletter control sequences out of 15000+600000
 14480 words of font info for 56 fonts, out of 8000000 for 9000
 38 hyphenation exceptions out of 8191
 35i,15n,34p,1915b,565s stack positions out of 5000i,500n,10000p,200000b,80000s
</usr/share/texlive/texmf-dist/fonts/type1/public/amsfonts/cm/cmbx10.pfb></us
r/share/texlive/texmf-dist/fonts/type1/public/amsfonts/cm/cmbx12.pfb></usr/shar
e/texlive/texmf-dist/fonts/type1/public/amsfonts/cm/cmex10.pfb></usr/share/texl
ive/texmf-dist/fonts/type1/public/amsfonts/cm/cmmi10.pfb></usr/share/texlive/te
xmf-dist/fonts/type1/public/amsfonts/cm/cmmi12.pfb></usr/share/texlive/texmf-di
st/fonts/type1/public/amsfonts/cm/cmmi6.pfb></usr/share/texlive/texmf-dist/font
s/type1/public/amsfonts/cm/cmmi8.pfb></usr/share/texlive/texmf-dist/fonts/type1
/public/amsfonts/cm/cmr10.pfb></usr/share/texlive/texmf-dist/fonts/type1/public
/amsfonts/cm/cmr12.pfb></usr/share/texlive/texmf-dist/fonts/type1/public/amsfon
ts/cm/cmr6.pfb></usr/share/texlive/texmf-dist/fonts/type1/public/amsfonts/cm/cm
r7.pfb></usr/share/texlive/texmf-dist/fonts/type1/public/amsfonts/cm/cmr8.pfb><
/usr/share/texlive/texmf-dist/fonts/type1/public/amsfonts/cm/cmsy10.pfb></usr/s
hare/texlive/texmf-dist/fonts/type1/public/amsfonts/cm/cmsy6.pfb></usr/share/te
xlive/texmf-dist/fonts/type1/public/amsfonts/cm/cmsy8.pfb></usr/share/texlive/t
exmf-dist/fonts/type1/public/amsfonts/cm/cmti12.pfb></usr/share/texlive/texmf-d
ist/fonts/type1/public/amsfonts/cm/cmtt12.pfb>
Output written on thesis.pdf (90 pages, 22666723 bytes).
PDF statistics:
 1765 PDF objects out of 2073 (max. 8388607)
 1521 compressed objects within 16 object streams
 260 named destinations out of 1000 (max. 500000)
 528 words of extra memory for PDF output out of 10000 (max. 10000000)

